2021-03-11 16:27:36,448 [Worker-3: Loading available Gradle versions] INFO  o.e.b.c.i.u.g.PublishedGradleVersions - Gradle version information cache is up-to-date. Trying to read.
2021-03-11 16:35:35,060 [Worker-2: Creating maven-archetype-quickstart] INFO  o.e.m.c.i.p.ProjectConfigurationManager - Collecting project info '/pom.xml' D:\Cucumber_Practice\Cucumber_demo1\pom.xml
2021-03-11 16:35:43,138 [Worker-2: Creating maven-archetype-quickstart] INFO  o.e.m.c.i.l.LifecycleMappingFactory - Using org.eclipse.m2e.jdt.JarLifecycleMapping lifecycle mapping for MavenProject: Cucumber_Prac:Cucumber_demo1:0.0.1-SNAPSHOT @ D:\Cucumber_Practice\Cucumber_demo1\pom.xml.
2021-03-11 16:35:44,605 [Worker-2: Creating maven-archetype-quickstart] INFO  o.e.m.j.i.AbstractJavaProjectConfigurator - Adding source folder /Cucumber_demo1/src/main/java
2021-03-11 16:35:44,614 [Worker-2: Creating maven-archetype-quickstart] INFO  o.e.m.j.i.AbstractJavaProjectConfigurator - Adding source folder /Cucumber_demo1/src/test/java
2021-03-11 16:35:44,966 [Worker-2: Creating maven-archetype-quickstart] INFO  o.e.m.c.i.p.ProjectConfigurationManager - Imported and configured 1 project(s) in 9 sec
2021-03-11 16:35:46,814 [Worker-12: Building] INFO  o.e.m.c.i.embedder.EclipseLogger - Using 'UTF-8' encoding to copy filtered resources.
2021-03-11 16:35:46,814 [Worker-12: Building] INFO  o.e.m.c.i.embedder.EclipseLogger - skip non existing resourceDirectory D:\Cucumber_Practice\Cucumber_demo1\src\main\resources
2021-03-11 16:35:46,819 [Worker-12: Building] INFO  o.e.m.c.i.embedder.EclipseLogger - Using 'UTF-8' encoding to copy filtered resources.
2021-03-11 16:35:46,819 [Worker-12: Building] INFO  o.e.m.c.i.embedder.EclipseLogger - skip non existing resourceDirectory D:\Cucumber_Practice\Cucumber_demo1\src\test\resources
2021-03-11 16:53:39,125 [Worker-17: Building] INFO  o.e.m.c.i.l.LifecycleMappingFactory - Using org.eclipse.m2e.jdt.JarLifecycleMapping lifecycle mapping for MavenProject: Cucumber_Prac:Cucumber_demo1:0.0.1-SNAPSHOT @ D:\Cucumber_Practice\Cucumber_demo1\pom.xml.
2021-03-11 16:53:40,913 [Worker-17: Building] INFO  o.e.m.c.i.e.AbstractTransferListenerAdapter - Downloading https://repo.maven.apache.org/maven2/info/cukes/cucumber-html/0.2.3/cucumber-html-0.2.3.pom
2021-03-11 16:53:41,440 [Worker-17: Building] INFO  o.e.m.c.i.e.AbstractTransferListenerAdapter - Downloaded https://repo.maven.apache.org/maven2/info/cukes/cucumber-html/0.2.3/cucumber-html-0.2.3.pom
2021-03-11 16:53:41,812 [Worker-17: Building] INFO  o.e.m.c.i.e.AbstractTransferListenerAdapter - Downloading https://repo.maven.apache.org/maven2/info/cukes/cucumber-jvm-deps/1.0.5/cucumber-jvm-deps-1.0.5.pom
2021-03-11 16:53:42,136 [Worker-17: Building] INFO  o.e.m.c.i.e.AbstractTransferListenerAdapter - Downloaded https://repo.maven.apache.org/maven2/info/cukes/cucumber-jvm-deps/1.0.5/cucumber-jvm-deps-1.0.5.pom
2021-03-11 16:53:42,431 [Worker-17: Building] INFO  o.e.m.c.i.e.AbstractTransferListenerAdapter - Downloading https://repo.maven.apache.org/maven2/info/cukes/gherkin/2.12.2/gherkin-2.12.2.pom
2021-03-11 16:53:42,777 [Worker-17: Building] INFO  o.e.m.c.i.e.AbstractTransferListenerAdapter - Downloaded https://repo.maven.apache.org/maven2/info/cukes/gherkin/2.12.2/gherkin-2.12.2.pom
2021-03-11 16:53:42,796 [Worker-17: Building] WARN  o.e.m.c.i.embedder.EclipseLogger - The artifact info.cukes:cucumber-java:pom:1.2.6 has been relocated to io.cucumber:cucumber-java:pom:1.2.6
2021-03-11 16:53:43,061 [AetherRepositoryConnector-repo.maven.apache.org-0-0] INFO  o.e.m.c.i.e.AbstractTransferListenerAdapter - Downloading https://repo.maven.apache.org/maven2/io/cucumber/cucumber-core/1.2.6/cucumber-core-1.2.6.jar
2021-03-11 16:53:43,352 [AetherRepositoryConnector-repo.maven.apache.org-0-1] INFO  o.e.m.c.i.e.AbstractTransferListenerAdapter - Downloading https://repo.maven.apache.org/maven2/info/cukes/cucumber-html/0.2.3/cucumber-html-0.2.3.jar
2021-03-11 16:53:43,353 [AetherRepositoryConnector-repo.maven.apache.org-0-2] INFO  o.e.m.c.i.e.AbstractTransferListenerAdapter - Downloading https://repo.maven.apache.org/maven2/info/cukes/cucumber-jvm-deps/1.0.5/cucumber-jvm-deps-1.0.5.jar
2021-03-11 16:53:43,354 [AetherRepositoryConnector-repo.maven.apache.org-0-3] INFO  o.e.m.c.i.e.AbstractTransferListenerAdapter - Downloading https://repo.maven.apache.org/maven2/info/cukes/gherkin/2.12.2/gherkin-2.12.2.jar
2021-03-11 16:53:45,486 [AetherRepositoryConnector-repo.maven.apache.org-0-1] INFO  o.e.m.c.i.e.AbstractTransferListenerAdapter - Downloaded https://repo.maven.apache.org/maven2/info/cukes/cucumber-html/0.2.3/cucumber-html-0.2.3.jar
2021-03-11 16:53:45,930 [AetherRepositoryConnector-repo.maven.apache.org-0-0] INFO  o.e.m.c.i.e.AbstractTransferListenerAdapter - Downloaded https://repo.maven.apache.org/maven2/io/cucumber/cucumber-core/1.2.6/cucumber-core-1.2.6.jar
2021-03-11 16:53:48,488 [AetherRepositoryConnector-repo.maven.apache.org-0-2] INFO  o.e.m.c.i.e.AbstractTransferListenerAdapter - Downloaded https://repo.maven.apache.org/maven2/info/cukes/cucumber-jvm-deps/1.0.5/cucumber-jvm-deps-1.0.5.jar
2021-03-11 16:53:52,474 [AetherRepositoryConnector-repo.maven.apache.org-0-3] INFO  o.e.m.c.i.e.AbstractTransferListenerAdapter - Downloaded https://repo.maven.apache.org/maven2/info/cukes/gherkin/2.12.2/gherkin-2.12.2.jar
2021-03-11 16:53:53,267 [Worker-17: Building] INFO  o.e.m.c.i.embedder.EclipseLogger - Using 'UTF-8' encoding to copy filtered resources.
2021-03-11 16:53:53,268 [Worker-17: Building] INFO  o.e.m.c.i.embedder.EclipseLogger - skip non existing resourceDirectory D:\Cucumber_Practice\Cucumber_demo1\src\main\resources
2021-03-11 16:53:53,275 [Worker-17: Building] INFO  o.e.m.c.i.embedder.EclipseLogger - Using 'UTF-8' encoding to copy filtered resources.
2021-03-11 16:53:53,276 [Worker-17: Building] INFO  o.e.m.c.i.embedder.EclipseLogger - skip non existing resourceDirectory D:\Cucumber_Practice\Cucumber_demo1\src\test\resources
2021-03-11 16:53:54,068 [Worker-18: Download sources and javadoc] WARN  o.e.m.c.i.embedder.EclipseLogger - The artifact info.cukes:cucumber-java:pom:1.2.6 has been relocated to io.cucumber:cucumber-java:pom:1.2.6
2021-03-11 16:53:55,313 [Worker-18: Download sources and javadoc] INFO  o.e.m.c.i.e.AbstractTransferListenerAdapter - Downloading https://repo.maven.apache.org/maven2/io/cucumber/cucumber-core/1.2.6/cucumber-core-1.2.6-sources.jar
2021-03-11 16:53:55,361 [Worker-17: Building] INFO  o.e.m.c.i.embedder.EclipseLogger - Using 'UTF-8' encoding to copy filtered resources.
2021-03-11 16:53:55,361 [Worker-17: Building] INFO  o.e.m.c.i.embedder.EclipseLogger - skip non existing resourceDirectory D:\Cucumber_Practice\Cucumber_demo1\src\main\resources
2021-03-11 16:53:55,367 [Worker-17: Building] INFO  o.e.m.c.i.embedder.EclipseLogger - Using 'UTF-8' encoding to copy filtered resources.
2021-03-11 16:53:55,367 [Worker-17: Building] INFO  o.e.m.c.i.embedder.EclipseLogger - skip non existing resourceDirectory D:\Cucumber_Practice\Cucumber_demo1\src\test\resources
2021-03-11 16:53:56,149 [Worker-18: Download sources and javadoc] INFO  o.e.m.c.i.e.AbstractTransferListenerAdapter - Downloaded https://repo.maven.apache.org/maven2/io/cucumber/cucumber-core/1.2.6/cucumber-core-1.2.6-sources.jar
2021-03-11 16:53:56,184 [Worker-18: Download sources and javadoc] INFO  o.e.m.j.internal.DownloadSourcesJob - Downloaded sources for io.cucumber:cucumber-core:1.2.6
2021-03-11 16:53:57,290 [Worker-18: Download sources and javadoc] INFO  o.e.m.c.i.e.AbstractTransferListenerAdapter - Downloading https://repo.maven.apache.org/maven2/info/cukes/cucumber-html/0.2.3/cucumber-html-0.2.3-sources.jar
2021-03-11 16:53:57,801 [Worker-18: Download sources and javadoc] INFO  o.e.m.c.i.e.AbstractTransferListenerAdapter - Downloaded https://repo.maven.apache.org/maven2/info/cukes/cucumber-html/0.2.3/cucumber-html-0.2.3-sources.jar
2021-03-11 16:53:57,833 [Worker-18: Download sources and javadoc] INFO  o.e.m.j.internal.DownloadSourcesJob - Downloaded sources for info.cukes:cucumber-html:0.2.3
2021-03-11 16:53:59,043 [Worker-18: Download sources and javadoc] INFO  o.e.m.c.i.e.AbstractTransferListenerAdapter - Downloading https://repo.maven.apache.org/maven2/info/cukes/cucumber-jvm-deps/1.0.5/cucumber-jvm-deps-1.0.5-sources.jar
2021-03-11 16:53:59,602 [Worker-18: Download sources and javadoc] INFO  o.e.m.c.i.e.AbstractTransferListenerAdapter - Downloaded https://repo.maven.apache.org/maven2/info/cukes/cucumber-jvm-deps/1.0.5/cucumber-jvm-deps-1.0.5-sources.jar
2021-03-11 16:53:59,633 [Worker-18: Download sources and javadoc] INFO  o.e.m.j.internal.DownloadSourcesJob - Downloaded sources for info.cukes:cucumber-jvm-deps:1.0.5
2021-03-11 16:54:00,730 [Worker-18: Download sources and javadoc] INFO  o.e.m.c.i.e.AbstractTransferListenerAdapter - Downloading https://repo.maven.apache.org/maven2/info/cukes/gherkin/2.12.2/gherkin-2.12.2-sources.jar
2021-03-11 16:54:03,615 [Worker-18: Download sources and javadoc] INFO  o.e.m.c.i.e.AbstractTransferListenerAdapter - Downloaded https://repo.maven.apache.org/maven2/info/cukes/gherkin/2.12.2/gherkin-2.12.2-sources.jar
2021-03-11 16:54:03,641 [Worker-18: Download sources and javadoc] INFO  o.e.m.j.internal.DownloadSourcesJob - Downloaded sources for info.cukes:gherkin:2.12.2
2021-03-11 16:54:04,301 [Worker-18: Building] INFO  o.e.m.c.i.embedder.EclipseLogger - Using 'UTF-8' encoding to copy filtered resources.
2021-03-11 16:54:04,302 [Worker-18: Building] INFO  o.e.m.c.i.embedder.EclipseLogger - skip non existing resourceDirectory D:\Cucumber_Practice\Cucumber_demo1\src\main\resources
2021-03-11 16:54:04,304 [Worker-18: Building] INFO  o.e.m.c.i.embedder.EclipseLogger - Using 'UTF-8' encoding to copy filtered resources.
2021-03-11 16:54:04,305 [Worker-18: Building] INFO  o.e.m.c.i.embedder.EclipseLogger - skip non existing resourceDirectory D:\Cucumber_Practice\Cucumber_demo1\src\test\resources
2021-03-11 16:56:23,911 [Worker-19: Building] INFO  o.e.m.c.i.l.LifecycleMappingFactory - Using org.eclipse.m2e.jdt.JarLifecycleMapping lifecycle mapping for MavenProject: Cucumber_Prac:Cucumber_demo1:0.0.1-SNAPSHOT @ D:\Cucumber_Practice\Cucumber_demo1\pom.xml.
2021-03-11 16:56:24,248 [Worker-19: Building] INFO  o.e.m.c.i.embedder.EclipseLogger - Using 'UTF-8' encoding to copy filtered resources.
2021-03-11 16:56:24,249 [Worker-19: Building] INFO  o.e.m.c.i.embedder.EclipseLogger - skip non existing resourceDirectory D:\Cucumber_Practice\Cucumber_demo1\src\main\resources
2021-03-11 16:56:24,253 [Worker-19: Building] INFO  o.e.m.c.i.embedder.EclipseLogger - Using 'UTF-8' encoding to copy filtered resources.
2021-03-11 16:56:24,253 [Worker-19: Building] INFO  o.e.m.c.i.embedder.EclipseLogger - skip non existing resourceDirectory D:\Cucumber_Practice\Cucumber_demo1\src\test\resources
2021-03-11 16:56:25,439 [Worker-22: Building] INFO  o.e.m.c.i.embedder.EclipseLogger - Using 'UTF-8' encoding to copy filtered resources.
2021-03-11 16:56:25,439 [Worker-22: Building] INFO  o.e.m.c.i.embedder.EclipseLogger - skip non existing resourceDirectory D:\Cucumber_Practice\Cucumber_demo1\src\main\resources
2021-03-11 16:56:25,441 [Worker-22: Building] INFO  o.e.m.c.i.embedder.EclipseLogger - Using 'UTF-8' encoding to copy filtered resources.
2021-03-11 16:56:25,441 [Worker-22: Building] INFO  o.e.m.c.i.embedder.EclipseLogger - skip non existing resourceDirectory D:\Cucumber_Practice\Cucumber_demo1\src\test\resources
2021-03-11 16:56:43,519 [Worker-17: Building] INFO  o.e.m.c.i.l.LifecycleMappingFactory - Using org.eclipse.m2e.jdt.JarLifecycleMapping lifecycle mapping for MavenProject: Cucumber_Prac:Cucumber_demo1:0.0.1-SNAPSHOT @ D:\Cucumber_Practice\Cucumber_demo1\pom.xml.
2021-03-11 16:56:43,571 [Worker-17: Building] WARN  o.e.m.c.i.embedder.EclipseLogger - The artifact info.cukes:cucumber-java:pom:1.2.6 has been relocated to io.cucumber:cucumber-java:pom:1.2.6
2021-03-11 16:56:43,889 [Worker-17: Building] INFO  o.e.m.c.i.embedder.EclipseLogger - Using 'UTF-8' encoding to copy filtered resources.
2021-03-11 16:56:43,889 [Worker-17: Building] INFO  o.e.m.c.i.embedder.EclipseLogger - skip non existing resourceDirectory D:\Cucumber_Practice\Cucumber_demo1\src\main\resources
2021-03-11 16:56:43,892 [Worker-17: Building] INFO  o.e.m.c.i.embedder.EclipseLogger - Using 'UTF-8' encoding to copy filtered resources.
2021-03-11 16:56:43,892 [Worker-17: Building] INFO  o.e.m.c.i.embedder.EclipseLogger - skip non existing resourceDirectory D:\Cucumber_Practice\Cucumber_demo1\src\test\resources
2021-03-11 16:56:45,385 [Worker-20: Building] WARN  o.e.m.c.i.embedder.EclipseLogger - The artifact info.cukes:cucumber-java:pom:1.2.6 has been relocated to io.cucumber:cucumber-java:pom:1.2.6
2021-03-11 16:56:45,419 [Worker-20: Building] INFO  o.e.m.c.i.embedder.EclipseLogger - Using 'UTF-8' encoding to copy filtered resources.
2021-03-11 16:56:45,419 [Worker-20: Building] INFO  o.e.m.c.i.embedder.EclipseLogger - skip non existing resourceDirectory D:\Cucumber_Practice\Cucumber_demo1\src\main\resources
2021-03-11 16:56:45,426 [Worker-20: Building] INFO  o.e.m.c.i.embedder.EclipseLogger - Using 'UTF-8' encoding to copy filtered resources.
2021-03-11 16:56:45,426 [Worker-20: Building] INFO  o.e.m.c.i.embedder.EclipseLogger - skip non existing resourceDirectory D:\Cucumber_Practice\Cucumber_demo1\src\test\resources
2021-03-11 16:57:01,852 [Worker-20: Building] INFO  o.e.m.c.i.l.LifecycleMappingFactory - Using org.eclipse.m2e.jdt.JarLifecycleMapping lifecycle mapping for MavenProject: Cucumber_Prac:Cucumber_demo1:0.0.1-SNAPSHOT @ D:\Cucumber_Practice\Cucumber_demo1\pom.xml.
2021-03-11 16:57:01,932 [Worker-20: Building] WARN  o.e.m.c.i.embedder.EclipseLogger - The artifact info.cukes:cucumber-java:pom:1.2.6 has been relocated to io.cucumber:cucumber-java:pom:1.2.6
2021-03-11 16:57:01,945 [Worker-20: Building] WARN  o.e.m.c.i.embedder.EclipseLogger - The artifact info.cukes:cucumber-junit:pom:1.2.6 has been relocated to io.cucumber:cucumber-junit:pom:1.2.6
2021-03-11 16:57:02,346 [Worker-20: Building] INFO  o.e.m.c.i.embedder.EclipseLogger - Using 'UTF-8' encoding to copy filtered resources.
2021-03-11 16:57:02,346 [Worker-20: Building] INFO  o.e.m.c.i.embedder.EclipseLogger - skip non existing resourceDirectory D:\Cucumber_Practice\Cucumber_demo1\src\main\resources
2021-03-11 16:57:02,349 [Worker-20: Building] INFO  o.e.m.c.i.embedder.EclipseLogger - Using 'UTF-8' encoding to copy filtered resources.
2021-03-11 16:57:02,349 [Worker-20: Building] INFO  o.e.m.c.i.embedder.EclipseLogger - skip non existing resourceDirectory D:\Cucumber_Practice\Cucumber_demo1\src\test\resources
2021-03-11 16:57:18,352 [Worker-21: reload maven project] WARN  o.e.m.c.i.embedder.EclipseLogger - The artifact info.cukes:cucumber-java:pom:1.2.6 has been relocated to io.cucumber:cucumber-java:pom:1.2.6
2021-03-11 16:57:18,368 [Worker-21: reload maven project] WARN  o.e.m.c.i.embedder.EclipseLogger - The artifact info.cukes:cucumber-junit:pom:1.2.6 has been relocated to io.cucumber:cucumber-junit:pom:1.2.6
2021-03-11 16:57:18,992 [Worker-19: Building] INFO  o.e.m.c.i.l.LifecycleMappingFactory - Using org.eclipse.m2e.jdt.JarLifecycleMapping lifecycle mapping for MavenProject: Cucumber_Prac:Cucumber_demo1:0.0.1-SNAPSHOT @ D:\Cucumber_Practice\Cucumber_demo1\pom.xml.
2021-03-11 16:57:19,082 [Worker-19: Building] WARN  o.e.m.c.i.embedder.EclipseLogger - The artifact info.cukes:cucumber-java:pom:1.2.6 has been relocated to io.cucumber:cucumber-java:pom:1.2.6
2021-03-11 16:57:19,098 [Worker-19: Building] WARN  o.e.m.c.i.embedder.EclipseLogger - The artifact info.cukes:cucumber-junit:pom:1.2.6 has been relocated to io.cucumber:cucumber-junit:pom:1.2.6
2021-03-11 16:57:19,428 [Worker-19: Building] INFO  o.e.m.c.i.embedder.EclipseLogger - Using 'UTF-8' encoding to copy filtered resources.
2021-03-11 16:57:19,428 [Worker-19: Building] INFO  o.e.m.c.i.embedder.EclipseLogger - skip non existing resourceDirectory D:\Cucumber_Practice\Cucumber_demo1\src\main\resources
2021-03-11 16:57:19,431 [Worker-19: Building] INFO  o.e.m.c.i.embedder.EclipseLogger - Using 'UTF-8' encoding to copy filtered resources.
2021-03-11 16:57:19,431 [Worker-19: Building] INFO  o.e.m.c.i.embedder.EclipseLogger - skip non existing resourceDirectory D:\Cucumber_Practice\Cucumber_demo1\src\test\resources
2021-03-11 16:59:36,583 [Worker-20: reload maven project] WARN  o.e.m.c.i.embedder.EclipseLogger - The artifact info.cukes:cucumber-java:pom:1.2.6 has been relocated to io.cucumber:cucumber-java:pom:1.2.6
2021-03-11 16:59:36,599 [Worker-20: reload maven project] WARN  o.e.m.c.i.embedder.EclipseLogger - The artifact info.cukes:cucumber-junit:pom:1.2.6 has been relocated to io.cucumber:cucumber-junit:pom:1.2.6
2021-03-11 16:59:39,143 [Worker-21: Building] INFO  o.e.m.c.i.l.LifecycleMappingFactory - Using org.eclipse.m2e.jdt.JarLifecycleMapping lifecycle mapping for MavenProject: Cucumber_Prac:Cucumber_demo1:0.0.1-SNAPSHOT @ D:\Cucumber_Practice\Cucumber_demo1\pom.xml.
2021-03-11 16:59:39,190 [Worker-21: Building] WARN  o.e.m.c.i.embedder.EclipseLogger - The artifact info.cukes:cucumber-java:pom:1.2.6 has been relocated to io.cucumber:cucumber-java:pom:1.2.6
2021-03-11 16:59:39,201 [Worker-21: Building] WARN  o.e.m.c.i.embedder.EclipseLogger - The artifact info.cukes:cucumber-junit:pom:1.2.6 has been relocated to io.cucumber:cucumber-junit:pom:1.2.6
2021-03-11 16:59:39,474 [Worker-21: Building] INFO  o.e.m.c.i.embedder.EclipseLogger - Using 'UTF-8' encoding to copy filtered resources.
2021-03-11 16:59:39,475 [Worker-21: Building] INFO  o.e.m.c.i.embedder.EclipseLogger - skip non existing resourceDirectory D:\Cucumber_Practice\Cucumber_demo1\src\main\resources
2021-03-11 16:59:39,477 [Worker-21: Building] INFO  o.e.m.c.i.embedder.EclipseLogger - Using 'UTF-8' encoding to copy filtered resources.
2021-03-11 16:59:39,477 [Worker-21: Building] INFO  o.e.m.c.i.embedder.EclipseLogger - skip non existing resourceDirectory D:\Cucumber_Practice\Cucumber_demo1\src\test\resources
2021-03-11 17:00:53,264 [Worker-22: reload maven project] WARN  o.e.m.c.i.embedder.EclipseLogger - The artifact info.cukes:cucumber-java:pom:1.2.6 has been relocated to io.cucumber:cucumber-java:pom:1.2.6
2021-03-11 17:00:53,291 [Worker-22: reload maven project] WARN  o.e.m.c.i.embedder.EclipseLogger - The artifact info.cukes:cucumber-junit:pom:1.2.6 has been relocated to io.cucumber:cucumber-junit:pom:1.2.6
2021-03-11 17:00:53,892 [Worker-18: Building] INFO  o.e.m.c.i.l.LifecycleMappingFactory - Using org.eclipse.m2e.jdt.JarLifecycleMapping lifecycle mapping for MavenProject: Cucumber_Prac:Cucumber_demo1:0.0.1-SNAPSHOT @ D:\Cucumber_Practice\Cucumber_demo1\pom.xml.
2021-03-11 17:00:53,946 [Worker-18: Building] WARN  o.e.m.c.i.embedder.EclipseLogger - The artifact info.cukes:cucumber-java:pom:1.2.6 has been relocated to io.cucumber:cucumber-java:pom:1.2.6
2021-03-11 17:00:53,956 [Worker-18: Building] WARN  o.e.m.c.i.embedder.EclipseLogger - The artifact info.cukes:cucumber-junit:pom:1.2.6 has been relocated to io.cucumber:cucumber-junit:pom:1.2.6
2021-03-11 17:00:54,222 [Worker-18: Building] INFO  o.e.m.c.i.embedder.EclipseLogger - Using 'UTF-8' encoding to copy filtered resources.
2021-03-11 17:00:54,223 [Worker-18: Building] INFO  o.e.m.c.i.embedder.EclipseLogger - skip non existing resourceDirectory D:\Cucumber_Practice\Cucumber_demo1\src\main\resources
2021-03-11 17:00:54,226 [Worker-18: Building] INFO  o.e.m.c.i.embedder.EclipseLogger - Using 'UTF-8' encoding to copy filtered resources.
2021-03-11 17:00:54,226 [Worker-18: Building] INFO  o.e.m.c.i.embedder.EclipseLogger - skip non existing resourceDirectory D:\Cucumber_Practice\Cucumber_demo1\src\test\resources
2021-03-11 17:02:14,959 [Worker-17: Building] WARN  o.e.m.c.i.embedder.EclipseLogger - The artifact info.cukes:cucumber-java:pom:1.2.6 has been relocated to io.cucumber:cucumber-java:pom:1.2.6
2021-03-11 17:02:14,972 [Worker-17: Building] WARN  o.e.m.c.i.embedder.EclipseLogger - The artifact info.cukes:cucumber-junit:pom:1.2.6 has been relocated to io.cucumber:cucumber-junit:pom:1.2.6
2021-03-11 17:02:15,005 [Worker-17: Building] INFO  o.e.m.c.i.embedder.EclipseLogger - Using 'UTF-8' encoding to copy filtered resources.
2021-03-11 17:02:15,005 [Worker-17: Building] INFO  o.e.m.c.i.embedder.EclipseLogger - skip non existing resourceDirectory D:\Cucumber_Practice\Cucumber_demo1\src\main\resources
2021-03-11 17:02:15,007 [Worker-17: Building] INFO  o.e.m.c.i.embedder.EclipseLogger - Using 'UTF-8' encoding to copy filtered resources.
2021-03-11 17:02:15,007 [Worker-17: Building] INFO  o.e.m.c.i.embedder.EclipseLogger - skip non existing resourceDirectory D:\Cucumber_Practice\Cucumber_demo1\src\test\resources
2021-03-11 17:02:51,700 [Worker-20: Building] INFO  o.e.m.c.i.embedder.EclipseLogger - Using 'UTF-8' encoding to copy filtered resources.
2021-03-11 17:02:51,701 [Worker-20: Building] INFO  o.e.m.c.i.embedder.EclipseLogger - skip non existing resourceDirectory D:\Cucumber_Practice\Cucumber_demo1\src\main\resources
2021-03-11 17:02:51,703 [Worker-20: Building] INFO  o.e.m.c.i.embedder.EclipseLogger - Using 'UTF-8' encoding to copy filtered resources.
2021-03-11 17:02:51,703 [Worker-20: Building] INFO  o.e.m.c.i.embedder.EclipseLogger - skip non existing resourceDirectory D:\Cucumber_Practice\Cucumber_demo1\src\test\resources
2021-03-11 17:03:32,525 [Worker-22: Building] INFO  o.e.m.c.i.embedder.EclipseLogger - Using 'UTF-8' encoding to copy filtered resources.
2021-03-11 17:03:32,525 [Worker-22: Building] INFO  o.e.m.c.i.embedder.EclipseLogger - skip non existing resourceDirectory D:\Cucumber_Practice\Cucumber_demo1\src\main\resources
2021-03-11 17:03:32,526 [Worker-22: Building] INFO  o.e.m.c.i.embedder.EclipseLogger - Using 'UTF-8' encoding to copy filtered resources.
2021-03-11 17:03:32,527 [Worker-22: Building] INFO  o.e.m.c.i.embedder.EclipseLogger - skip non existing resourceDirectory D:\Cucumber_Practice\Cucumber_demo1\src\test\resources
2021-03-11 17:04:28,986 [Worker-18: Building] INFO  o.e.m.c.i.embedder.EclipseLogger - Using 'UTF-8' encoding to copy filtered resources.
2021-03-11 17:04:28,986 [Worker-18: Building] INFO  o.e.m.c.i.embedder.EclipseLogger - skip non existing resourceDirectory D:\Cucumber_Practice\Cucumber_demo1\src\main\resources
2021-03-11 17:04:28,989 [Worker-18: Building] INFO  o.e.m.c.i.embedder.EclipseLogger - Using 'UTF-8' encoding to copy filtered resources.
2021-03-11 17:04:28,990 [Worker-18: Building] INFO  o.e.m.c.i.embedder.EclipseLogger - skip non existing resourceDirectory D:\Cucumber_Practice\Cucumber_demo1\src\test\resources
2021-03-11 17:05:42,409 [Worker-19: Building] INFO  o.e.m.c.i.embedder.EclipseLogger - Using 'UTF-8' encoding to copy filtered resources.
2021-03-11 17:05:42,410 [Worker-19: Building] INFO  o.e.m.c.i.embedder.EclipseLogger - skip non existing resourceDirectory D:\Cucumber_Practice\Cucumber_demo1\src\main\resources
2021-03-11 17:05:42,411 [Worker-19: Building] INFO  o.e.m.c.i.embedder.EclipseLogger - Using 'UTF-8' encoding to copy filtered resources.
2021-03-11 17:05:42,412 [Worker-19: Building] INFO  o.e.m.c.i.embedder.EclipseLogger - skip non existing resourceDirectory D:\Cucumber_Practice\Cucumber_demo1\src\test\resources
2021-03-11 17:06:04,268 [Worker-23: Building] INFO  o.e.m.c.i.embedder.EclipseLogger - Using 'UTF-8' encoding to copy filtered resources.
2021-03-11 17:06:04,269 [Worker-23: Building] INFO  o.e.m.c.i.embedder.EclipseLogger - skip non existing resourceDirectory D:\Cucumber_Practice\Cucumber_demo1\src\main\resources
2021-03-11 17:06:04,271 [Worker-23: Building] INFO  o.e.m.c.i.embedder.EclipseLogger - Using 'UTF-8' encoding to copy filtered resources.
2021-03-11 17:06:04,271 [Worker-23: Building] INFO  o.e.m.c.i.embedder.EclipseLogger - skip non existing resourceDirectory D:\Cucumber_Practice\Cucumber_demo1\src\test\resources
2021-03-11 17:07:53,983 [Worker-17: Building] INFO  o.e.m.c.i.l.LifecycleMappingFactory - Using org.eclipse.m2e.jdt.JarLifecycleMapping lifecycle mapping for MavenProject: Cucumber_Prac:Cucumber_demo1:0.0.1-SNAPSHOT @ D:\Cucumber_Practice\Cucumber_demo1\pom.xml.
2021-03-11 17:07:54,044 [Worker-17: Building] WARN  o.e.m.c.i.embedder.EclipseLogger - The artifact info.cukes:cucumber-java:pom:1.2.6 has been relocated to io.cucumber:cucumber-java:pom:1.2.6
2021-03-11 17:07:54,054 [Worker-17: Building] WARN  o.e.m.c.i.embedder.EclipseLogger - The artifact info.cukes:cucumber-junit:pom:1.2.6 has been relocated to io.cucumber:cucumber-junit:pom:1.2.6
2021-03-11 17:07:54,314 [Worker-17: Building] INFO  o.e.m.c.i.embedder.EclipseLogger - Using 'UTF-8' encoding to copy filtered resources.
2021-03-11 17:07:54,314 [Worker-17: Building] INFO  o.e.m.c.i.embedder.EclipseLogger - skip non existing resourceDirectory D:\Cucumber_Practice\Cucumber_demo1\src\main\resources
2021-03-11 17:07:54,316 [Worker-17: Building] INFO  o.e.m.c.i.embedder.EclipseLogger - Using 'UTF-8' encoding to copy filtered resources.
2021-03-11 17:07:54,317 [Worker-17: Building] INFO  o.e.m.c.i.embedder.EclipseLogger - skip non existing resourceDirectory D:\Cucumber_Practice\Cucumber_demo1\src\test\resources
2021-03-11 17:07:55,538 [Worker-25: Building] WARN  o.e.m.c.i.embedder.EclipseLogger - The artifact info.cukes:cucumber-java:pom:1.2.6 has been relocated to io.cucumber:cucumber-java:pom:1.2.6
2021-03-11 17:07:55,553 [Worker-25: Building] WARN  o.e.m.c.i.embedder.EclipseLogger - The artifact info.cukes:cucumber-junit:pom:1.2.6 has been relocated to io.cucumber:cucumber-junit:pom:1.2.6
2021-03-11 17:07:55,598 [Worker-25: Building] INFO  o.e.m.c.i.embedder.EclipseLogger - Using 'UTF-8' encoding to copy filtered resources.
2021-03-11 17:07:55,598 [Worker-25: Building] INFO  o.e.m.c.i.embedder.EclipseLogger - skip non existing resourceDirectory D:\Cucumber_Practice\Cucumber_demo1\src\main\resources
2021-03-11 17:07:55,600 [Worker-25: Building] INFO  o.e.m.c.i.embedder.EclipseLogger - Using 'UTF-8' encoding to copy filtered resources.
2021-03-11 17:07:55,600 [Worker-25: Building] INFO  o.e.m.c.i.embedder.EclipseLogger - skip non existing resourceDirectory D:\Cucumber_Practice\Cucumber_demo1\src\test\resources
2021-03-11 17:09:28,930 [Worker-27: Building] INFO  o.e.m.c.i.l.LifecycleMappingFactory - Using org.eclipse.m2e.jdt.JarLifecycleMapping lifecycle mapping for MavenProject: Cucumber_Prac:Cucumber_demo1:0.0.1-SNAPSHOT @ D:\Cucumber_Practice\Cucumber_demo1\pom.xml.
2021-03-11 17:09:28,979 [Worker-27: Building] WARN  o.e.m.c.i.embedder.EclipseLogger - The artifact info.cukes:cucumber-java:pom:1.2.6 has been relocated to io.cucumber:cucumber-java:pom:1.2.6
2021-03-11 17:09:28,989 [Worker-27: Building] WARN  o.e.m.c.i.embedder.EclipseLogger - The artifact info.cukes:cucumber-junit:pom:1.2.6 has been relocated to io.cucumber:cucumber-junit:pom:1.2.6
2021-03-11 17:09:29,234 [Worker-27: Building] INFO  o.e.m.c.i.embedder.EclipseLogger - Using 'UTF-8' encoding to copy filtered resources.
2021-03-11 17:09:29,234 [Worker-27: Building] INFO  o.e.m.c.i.embedder.EclipseLogger - skip non existing resourceDirectory D:\Cucumber_Practice\Cucumber_demo1\src\main\resources
2021-03-11 17:09:29,237 [Worker-27: Building] INFO  o.e.m.c.i.embedder.EclipseLogger - Using 'UTF-8' encoding to copy filtered resources.
2021-03-11 17:09:29,237 [Worker-27: Building] INFO  o.e.m.c.i.embedder.EclipseLogger - skip non existing resourceDirectory D:\Cucumber_Practice\Cucumber_demo1\src\test\resources
2021-03-11 17:09:30,464 [Worker-25: Building] WARN  o.e.m.c.i.embedder.EclipseLogger - The artifact info.cukes:cucumber-java:pom:1.2.6 has been relocated to io.cucumber:cucumber-java:pom:1.2.6
2021-03-11 17:09:30,474 [Worker-25: Building] WARN  o.e.m.c.i.embedder.EclipseLogger - The artifact info.cukes:cucumber-junit:pom:1.2.6 has been relocated to io.cucumber:cucumber-junit:pom:1.2.6
2021-03-11 17:09:30,512 [Worker-25: Building] INFO  o.e.m.c.i.embedder.EclipseLogger - Using 'UTF-8' encoding to copy filtered resources.
2021-03-11 17:09:30,512 [Worker-25: Building] INFO  o.e.m.c.i.embedder.EclipseLogger - skip non existing resourceDirectory D:\Cucumber_Practice\Cucumber_demo1\src\main\resources
2021-03-11 17:09:30,514 [Worker-25: Building] INFO  o.e.m.c.i.embedder.EclipseLogger - Using 'UTF-8' encoding to copy filtered resources.
2021-03-11 17:09:30,514 [Worker-25: Building] INFO  o.e.m.c.i.embedder.EclipseLogger - skip non existing resourceDirectory D:\Cucumber_Practice\Cucumber_demo1\src\test\resources
2021-03-11 17:09:42,982 [Worker-26: Building] INFO  o.e.m.c.i.l.LifecycleMappingFactory - Using org.eclipse.m2e.jdt.JarLifecycleMapping lifecycle mapping for MavenProject: Cucumber_Prac:Cucumber_demo1:0.0.1-SNAPSHOT @ D:\Cucumber_Practice\Cucumber_demo1\pom.xml.
2021-03-11 17:09:43,024 [Worker-26: Building] WARN  o.e.m.c.i.embedder.EclipseLogger - The artifact info.cukes:cucumber-java:pom:1.2.6 has been relocated to io.cucumber:cucumber-java:pom:1.2.6
2021-03-11 17:09:43,276 [Worker-26: Building] INFO  o.e.m.c.i.embedder.EclipseLogger - Using 'UTF-8' encoding to copy filtered resources.
2021-03-11 17:09:43,276 [Worker-26: Building] INFO  o.e.m.c.i.embedder.EclipseLogger - skip non existing resourceDirectory D:\Cucumber_Practice\Cucumber_demo1\src\main\resources
2021-03-11 17:09:43,279 [Worker-26: Building] INFO  o.e.m.c.i.embedder.EclipseLogger - Using 'UTF-8' encoding to copy filtered resources.
2021-03-11 17:09:43,279 [Worker-26: Building] INFO  o.e.m.c.i.embedder.EclipseLogger - skip non existing resourceDirectory D:\Cucumber_Practice\Cucumber_demo1\src\test\resources
2021-03-11 17:10:29,246 [Worker-19: Building] INFO  o.e.m.c.i.l.LifecycleMappingFactory - Using org.eclipse.m2e.jdt.JarLifecycleMapping lifecycle mapping for MavenProject: Cucumber_Prac:Cucumber_demo1:0.0.1-SNAPSHOT @ D:\Cucumber_Practice\Cucumber_demo1\pom.xml.
2021-03-11 17:10:29,279 [Worker-19: Building] WARN  o.e.m.c.i.embedder.EclipseLogger - The artifact info.cukes:cucumber-java:pom:1.2.6 has been relocated to io.cucumber:cucumber-java:pom:1.2.6
2021-03-11 17:10:29,535 [Worker-19: Building] INFO  o.e.m.c.i.embedder.EclipseLogger - Using 'UTF-8' encoding to copy filtered resources.
2021-03-11 17:10:29,535 [Worker-19: Building] INFO  o.e.m.c.i.embedder.EclipseLogger - skip non existing resourceDirectory D:\Cucumber_Practice\Cucumber_demo1\src\main\resources
2021-03-11 17:10:29,538 [Worker-19: Building] INFO  o.e.m.c.i.embedder.EclipseLogger - Using 'UTF-8' encoding to copy filtered resources.
2021-03-11 17:10:29,538 [Worker-19: Building] INFO  o.e.m.c.i.embedder.EclipseLogger - skip non existing resourceDirectory D:\Cucumber_Practice\Cucumber_demo1\src\test\resources
2021-03-11 17:12:05,034 [Worker-27: Building] INFO  o.e.m.c.i.l.LifecycleMappingFactory - Using org.eclipse.m2e.jdt.JarLifecycleMapping lifecycle mapping for MavenProject: Cucumber_Prac:Cucumber_demo1:0.0.1-SNAPSHOT @ D:\Cucumber_Practice\Cucumber_demo1\pom.xml.
2021-03-11 17:12:05,084 [Worker-27: Building] WARN  o.e.m.c.i.embedder.EclipseLogger - The artifact info.cukes:cucumber-java:pom:1.2.6 has been relocated to io.cucumber:cucumber-java:pom:1.2.6
2021-03-11 17:12:05,434 [Worker-27: Building] INFO  o.e.m.c.i.embedder.EclipseLogger - Using 'UTF-8' encoding to copy filtered resources.
2021-03-11 17:12:05,435 [Worker-27: Building] INFO  o.e.m.c.i.embedder.EclipseLogger - skip non existing resourceDirectory D:\Cucumber_Practice\Cucumber_demo1\src\main\resources
2021-03-11 17:12:05,437 [Worker-27: Building] INFO  o.e.m.c.i.embedder.EclipseLogger - Using 'UTF-8' encoding to copy filtered resources.
2021-03-11 17:12:05,438 [Worker-27: Building] INFO  o.e.m.c.i.embedder.EclipseLogger - skip non existing resourceDirectory D:\Cucumber_Practice\Cucumber_demo1\src\test\resources
2021-03-11 18:50:19,623 [Worker-27: Building] INFO  o.e.m.c.i.l.LifecycleMappingFactory - Using org.eclipse.m2e.jdt.JarLifecycleMapping lifecycle mapping for MavenProject: Cucumber_Prac:Cucumber_demo1:0.0.1-SNAPSHOT @ D:\Cucumber_Practice\Cucumber_demo1\pom.xml.
2021-03-11 18:50:19,658 [Worker-27: Building] WARN  o.e.m.c.i.embedder.EclipseLogger - The artifact info.cukes:cucumber-java:pom:1.2.6 has been relocated to io.cucumber:cucumber-java:pom:1.2.6
2021-03-11 18:50:19,959 [Worker-27: Building] INFO  o.e.m.c.i.embedder.EclipseLogger - Using 'UTF-8' encoding to copy filtered resources.
2021-03-11 18:50:19,960 [Worker-27: Building] INFO  o.e.m.c.i.embedder.EclipseLogger - skip non existing resourceDirectory D:\Cucumber_Practice\Cucumber_demo1\src\main\resources
2021-03-11 18:50:19,962 [Worker-27: Building] INFO  o.e.m.c.i.embedder.EclipseLogger - Using 'UTF-8' encoding to copy filtered resources.
2021-03-11 18:50:19,963 [Worker-27: Building] INFO  o.e.m.c.i.embedder.EclipseLogger - skip non existing resourceDirectory D:\Cucumber_Practice\Cucumber_demo1\src\test\resources
2021-03-11 18:50:42,875 [Worker-27: Building] INFO  o.e.m.c.i.l.LifecycleMappingFactory - Using org.eclipse.m2e.jdt.JarLifecycleMapping lifecycle mapping for MavenProject: Cucumber_Prac:Cucumber_demo1:0.0.1-SNAPSHOT @ D:\Cucumber_Practice\Cucumber_demo1\pom.xml.
2021-03-11 18:50:42,927 [Worker-27: Building] WARN  o.e.m.c.i.embedder.EclipseLogger - The artifact info.cukes:cucumber-java:pom:1.2.6 has been relocated to io.cucumber:cucumber-java:pom:1.2.6
2021-03-11 18:50:43,245 [Worker-27: Building] INFO  o.e.m.c.i.embedder.EclipseLogger - Using 'UTF-8' encoding to copy filtered resources.
2021-03-11 18:50:43,246 [Worker-27: Building] INFO  o.e.m.c.i.embedder.EclipseLogger - skip non existing resourceDirectory D:\Cucumber_Practice\Cucumber_demo1\src\main\resources
2021-03-11 18:50:43,248 [Worker-27: Building] INFO  o.e.m.c.i.embedder.EclipseLogger - Using 'UTF-8' encoding to copy filtered resources.
2021-03-11 18:50:43,248 [Worker-27: Building] INFO  o.e.m.c.i.embedder.EclipseLogger - skip non existing resourceDirectory D:\Cucumber_Practice\Cucumber_demo1\src\test\resources
2021-03-11 18:50:59,999 [Worker-32: Building] INFO  o.e.m.c.i.l.LifecycleMappingFactory - Using org.eclipse.m2e.jdt.JarLifecycleMapping lifecycle mapping for MavenProject: Cucumber_Prac:Cucumber_demo1:0.0.1-SNAPSHOT @ D:\Cucumber_Practice\Cucumber_demo1\pom.xml.
2021-03-11 18:51:00,041 [Worker-32: Building] WARN  o.e.m.c.i.embedder.EclipseLogger - The artifact info.cukes:cucumber-java:pom:1.2.6 has been relocated to io.cucumber:cucumber-java:pom:1.2.6
2021-03-11 18:51:00,276 [Worker-32: Building] INFO  o.e.m.c.i.embedder.EclipseLogger - Using 'UTF-8' encoding to copy filtered resources.
2021-03-11 18:51:00,276 [Worker-32: Building] INFO  o.e.m.c.i.embedder.EclipseLogger - skip non existing resourceDirectory D:\Cucumber_Practice\Cucumber_demo1\src\main\resources
2021-03-11 18:51:00,278 [Worker-32: Building] INFO  o.e.m.c.i.embedder.EclipseLogger - Using 'UTF-8' encoding to copy filtered resources.
2021-03-11 18:51:00,278 [Worker-32: Building] INFO  o.e.m.c.i.embedder.EclipseLogger - skip non existing resourceDirectory D:\Cucumber_Practice\Cucumber_demo1\src\test\resources
2021-03-11 18:51:15,050 [Worker-29: Building] INFO  o.e.m.c.i.l.LifecycleMappingFactory - Using org.eclipse.m2e.jdt.JarLifecycleMapping lifecycle mapping for MavenProject: Cucumber_Prac:Cucumber_demo1:0.0.1-SNAPSHOT @ D:\Cucumber_Practice\Cucumber_demo1\pom.xml.
2021-03-11 18:51:15,092 [Worker-29: Building] WARN  o.e.m.c.i.embedder.EclipseLogger - The artifact info.cukes:cucumber-java:pom:1.2.6 has been relocated to io.cucumber:cucumber-java:pom:1.2.6
2021-03-11 18:51:15,101 [Worker-29: Building] WARN  o.e.m.c.i.embedder.EclipseLogger - The artifact info.cukes:cucumber-junit:pom:1.2.6 has been relocated to io.cucumber:cucumber-junit:pom:1.2.6
2021-03-11 18:51:15,314 [Worker-29: Building] INFO  o.e.m.c.i.embedder.EclipseLogger - Using 'UTF-8' encoding to copy filtered resources.
2021-03-11 18:51:15,314 [Worker-29: Building] INFO  o.e.m.c.i.embedder.EclipseLogger - skip non existing resourceDirectory D:\Cucumber_Practice\Cucumber_demo1\src\main\resources
2021-03-11 18:51:15,317 [Worker-29: Building] INFO  o.e.m.c.i.embedder.EclipseLogger - Using 'UTF-8' encoding to copy filtered resources.
2021-03-11 18:51:15,317 [Worker-29: Building] INFO  o.e.m.c.i.embedder.EclipseLogger - skip non existing resourceDirectory D:\Cucumber_Practice\Cucumber_demo1\src\test\resources
2021-03-11 18:51:44,330 [Worker-29: Building] INFO  o.e.m.c.i.l.LifecycleMappingFactory - Using org.eclipse.m2e.jdt.JarLifecycleMapping lifecycle mapping for MavenProject: Cucumber_Prac:Cucumber_demo1:0.0.1-SNAPSHOT @ D:\Cucumber_Practice\Cucumber_demo1\pom.xml.
2021-03-11 18:51:44,384 [Worker-29: Building] WARN  o.e.m.c.i.embedder.EclipseLogger - The artifact info.cukes:cucumber-java:pom:1.2.6 has been relocated to io.cucumber:cucumber-java:pom:1.2.6
2021-03-11 18:51:44,393 [Worker-29: Building] WARN  o.e.m.c.i.embedder.EclipseLogger - The artifact info.cukes:cucumber-junit:pom:1.2.6 has been relocated to io.cucumber:cucumber-junit:pom:1.2.6
2021-03-11 18:51:44,618 [Worker-29: Building] INFO  o.e.m.c.i.embedder.EclipseLogger - Using 'UTF-8' encoding to copy filtered resources.
2021-03-11 18:51:44,618 [Worker-29: Building] INFO  o.e.m.c.i.embedder.EclipseLogger - skip non existing resourceDirectory D:\Cucumber_Practice\Cucumber_demo1\src\main\resources
2021-03-11 18:51:44,621 [Worker-29: Building] INFO  o.e.m.c.i.embedder.EclipseLogger - Using 'UTF-8' encoding to copy filtered resources.
2021-03-11 18:51:44,621 [Worker-29: Building] INFO  o.e.m.c.i.embedder.EclipseLogger - skip non existing resourceDirectory D:\Cucumber_Practice\Cucumber_demo1\src\test\resources
2021-03-11 18:52:48,515 [Worker-27: Building] ERROR o.e.m.c.i.p.r.ProjectRegistryManager - Could not read pom.xml
org.eclipse.core.runtime.CoreException: Could not read pom.xml
	at org.eclipse.m2e.core.internal.embedder.MavenImpl.readModel(MavenImpl.java:560)
	at org.eclipse.m2e.core.internal.project.registry.ProjectRegistryManager.refreshPhase2(ProjectRegistryManager.java:562)
	at org.eclipse.m2e.core.internal.project.registry.ProjectRegistryManager.refresh(ProjectRegistryManager.java:518)
	at org.eclipse.m2e.core.internal.project.registry.ProjectRegistryManager.refresh(ProjectRegistryManager.java:364)
	at org.eclipse.m2e.core.internal.project.registry.ProjectRegistryManager.refresh(ProjectRegistryManager.java:315)
	at org.eclipse.m2e.core.internal.builder.MavenBuilder$BuildMethod.getProjectFacade(MavenBuilder.java:151)
	at org.eclipse.m2e.core.internal.builder.MavenBuilder$BuildMethod.lambda$0(MavenBuilder.java:89)
	at org.eclipse.m2e.core.internal.embedder.MavenExecutionContext.executeBare(MavenExecutionContext.java:179)
	at org.eclipse.m2e.core.internal.embedder.MavenExecutionContext.execute(MavenExecutionContext.java:153)
	at org.eclipse.m2e.core.internal.embedder.MavenExecutionContext.execute(MavenExecutionContext.java:101)
	at org.eclipse.m2e.core.internal.builder.MavenBuilder$BuildMethod.execute(MavenBuilder.java:88)
	at org.eclipse.m2e.core.internal.builder.MavenBuilder.build(MavenBuilder.java:197)
	at org.eclipse.core.internal.events.BuildManager$2.run(BuildManager.java:845)
	at org.eclipse.core.runtime.SafeRunner.run(SafeRunner.java:45)
	at org.eclipse.core.internal.events.BuildManager.basicBuild(BuildManager.java:228)
	at org.eclipse.core.internal.events.BuildManager.basicBuild(BuildManager.java:276)
	at org.eclipse.core.internal.events.BuildManager$1.run(BuildManager.java:329)
	at org.eclipse.core.runtime.SafeRunner.run(SafeRunner.java:45)
	at org.eclipse.core.internal.events.BuildManager.basicBuild(BuildManager.java:332)
	at org.eclipse.core.internal.events.BuildManager.basicBuildLoop(BuildManager.java:384)
	at org.eclipse.core.internal.events.BuildManager.build(BuildManager.java:405)
	at org.eclipse.core.internal.events.AutoBuildJob.doBuild(AutoBuildJob.java:154)
	at org.eclipse.core.internal.events.AutoBuildJob.run(AutoBuildJob.java:244)
	at org.eclipse.core.internal.jobs.Worker.run(Worker.java:63)
Caused by: org.apache.maven.model.io.ModelParseException: in comment after two dashes (--) next character must be > not   (position: START_TAG seen ...</dependencies>\r\n\r\n\t<build>\r\n\t\t<!-- <plugins>\r\n\t\t\t<!-- ... @52:9) 
	at org.apache.maven.model.io.DefaultModelReader.read(DefaultModelReader.java:117)
	at org.apache.maven.model.io.DefaultModelReader.read(DefaultModelReader.java:85)
	at org.eclipse.m2e.core.internal.embedder.MavenImpl.readModel(MavenImpl.java:558)
	... 23 common frames omitted
Caused by: org.codehaus.plexus.util.xml.pull.XmlPullParserException: in comment after two dashes (--) next character must be > not   (position: START_TAG seen ...</dependencies>\r\n\r\n\t<build>\r\n\t\t<!-- <plugins>\r\n\t\t\t<!-- ... @52:9) 
	at org.codehaus.plexus.util.xml.pull.MXParser.parseComment(MXParser.java:2905)
	at org.codehaus.plexus.util.xml.pull.MXParser.nextImpl(MXParser.java:1420)
	at org.codehaus.plexus.util.xml.pull.MXParser.next(MXParser.java:1319)
	at org.codehaus.plexus.util.xml.pull.MXParser.nextTag(MXParser.java:1302)
	at org.apache.maven.model.io.xpp3.MavenXpp3Reader.parseBuild(MavenXpp3Reader.java:878)
	at org.apache.maven.model.io.xpp3.MavenXpp3Reader.parseModel(MavenXpp3Reader.java:2281)
	at org.apache.maven.model.io.xpp3.MavenXpp3Reader.read(MavenXpp3Reader.java:3872)
	at org.apache.maven.model.io.xpp3.MavenXpp3Reader.read(MavenXpp3Reader.java:595)
	at org.apache.maven.model.io.DefaultModelReader.read(DefaultModelReader.java:112)
	... 25 common frames omitted
2021-03-11 18:52:49,711 [Worker-33: Building] ERROR o.e.m.c.i.p.r.ProjectRegistryManager - Could not read pom.xml
org.eclipse.core.runtime.CoreException: Could not read pom.xml
	at org.eclipse.m2e.core.internal.embedder.MavenImpl.readModel(MavenImpl.java:560)
	at org.eclipse.m2e.core.internal.project.registry.ProjectRegistryManager.refreshPhase2(ProjectRegistryManager.java:562)
	at org.eclipse.m2e.core.internal.project.registry.ProjectRegistryManager.refresh(ProjectRegistryManager.java:518)
	at org.eclipse.m2e.core.internal.project.registry.ProjectRegistryManager.refresh(ProjectRegistryManager.java:364)
	at org.eclipse.m2e.core.internal.project.registry.ProjectRegistryManager.refresh(ProjectRegistryManager.java:315)
	at org.eclipse.m2e.core.internal.builder.MavenBuilder$BuildMethod.getProjectFacade(MavenBuilder.java:151)
	at org.eclipse.m2e.core.internal.builder.MavenBuilder$BuildMethod.lambda$0(MavenBuilder.java:89)
	at org.eclipse.m2e.core.internal.embedder.MavenExecutionContext.executeBare(MavenExecutionContext.java:179)
	at org.eclipse.m2e.core.internal.embedder.MavenExecutionContext.execute(MavenExecutionContext.java:153)
	at org.eclipse.m2e.core.internal.embedder.MavenExecutionContext.execute(MavenExecutionContext.java:101)
	at org.eclipse.m2e.core.internal.builder.MavenBuilder$BuildMethod.execute(MavenBuilder.java:88)
	at org.eclipse.m2e.core.internal.builder.MavenBuilder.build(MavenBuilder.java:197)
	at org.eclipse.core.internal.events.BuildManager$2.run(BuildManager.java:845)
	at org.eclipse.core.runtime.SafeRunner.run(SafeRunner.java:45)
	at org.eclipse.core.internal.events.BuildManager.basicBuild(BuildManager.java:228)
	at org.eclipse.core.internal.events.BuildManager.basicBuild(BuildManager.java:276)
	at org.eclipse.core.internal.events.BuildManager$1.run(BuildManager.java:329)
	at org.eclipse.core.runtime.SafeRunner.run(SafeRunner.java:45)
	at org.eclipse.core.internal.events.BuildManager.basicBuild(BuildManager.java:332)
	at org.eclipse.core.internal.events.BuildManager.basicBuildLoop(BuildManager.java:384)
	at org.eclipse.core.internal.events.BuildManager.build(BuildManager.java:405)
	at org.eclipse.core.internal.events.AutoBuildJob.doBuild(AutoBuildJob.java:154)
	at org.eclipse.core.internal.events.AutoBuildJob.run(AutoBuildJob.java:244)
	at org.eclipse.core.internal.jobs.Worker.run(Worker.java:63)
Caused by: org.apache.maven.model.io.ModelParseException: in comment after two dashes (--) next character must be > not   (position: START_TAG seen ...</dependencies>\r\n\r\n\t<build>\r\n\t\t<!-- <plugins>\r\n\t\t\t<!-- ... @52:9) 
	at org.apache.maven.model.io.DefaultModelReader.read(DefaultModelReader.java:117)
	at org.apache.maven.model.io.DefaultModelReader.read(DefaultModelReader.java:85)
	at org.eclipse.m2e.core.internal.embedder.MavenImpl.readModel(MavenImpl.java:558)
	... 23 common frames omitted
Caused by: org.codehaus.plexus.util.xml.pull.XmlPullParserException: in comment after two dashes (--) next character must be > not   (position: START_TAG seen ...</dependencies>\r\n\r\n\t<build>\r\n\t\t<!-- <plugins>\r\n\t\t\t<!-- ... @52:9) 
	at org.codehaus.plexus.util.xml.pull.MXParser.parseComment(MXParser.java:2905)
	at org.codehaus.plexus.util.xml.pull.MXParser.nextImpl(MXParser.java:1420)
	at org.codehaus.plexus.util.xml.pull.MXParser.next(MXParser.java:1319)
	at org.codehaus.plexus.util.xml.pull.MXParser.nextTag(MXParser.java:1302)
	at org.apache.maven.model.io.xpp3.MavenXpp3Reader.parseBuild(MavenXpp3Reader.java:878)
	at org.apache.maven.model.io.xpp3.MavenXpp3Reader.parseModel(MavenXpp3Reader.java:2281)
	at org.apache.maven.model.io.xpp3.MavenXpp3Reader.read(MavenXpp3Reader.java:3872)
	at org.apache.maven.model.io.xpp3.MavenXpp3Reader.read(MavenXpp3Reader.java:595)
	at org.apache.maven.model.io.DefaultModelReader.read(DefaultModelReader.java:112)
	... 25 common frames omitted
2021-03-11 18:53:15,840 [Worker-27: Building] INFO  o.e.m.c.i.l.LifecycleMappingFactory - Using org.eclipse.m2e.jdt.JarLifecycleMapping lifecycle mapping for MavenProject: Cucumber_Prac:Cucumber_demo1:0.0.1-SNAPSHOT @ D:\Cucumber_Practice\Cucumber_demo1\pom.xml.
2021-03-11 18:53:15,906 [Worker-27: Building] WARN  o.e.m.c.i.embedder.EclipseLogger - The artifact info.cukes:cucumber-java:pom:1.2.6 has been relocated to io.cucumber:cucumber-java:pom:1.2.6
2021-03-11 18:53:15,922 [Worker-27: Building] WARN  o.e.m.c.i.embedder.EclipseLogger - The artifact info.cukes:cucumber-junit:pom:1.2.6 has been relocated to io.cucumber:cucumber-junit:pom:1.2.6
2021-03-11 18:53:16,149 [Worker-27: Building] INFO  o.e.m.c.i.embedder.EclipseLogger - Using 'UTF-8' encoding to copy filtered resources.
2021-03-11 18:53:16,149 [Worker-27: Building] INFO  o.e.m.c.i.embedder.EclipseLogger - skip non existing resourceDirectory D:\Cucumber_Practice\Cucumber_demo1\src\main\resources
2021-03-11 18:53:16,153 [Worker-27: Building] INFO  o.e.m.c.i.embedder.EclipseLogger - Using 'UTF-8' encoding to copy filtered resources.
2021-03-11 18:53:16,153 [Worker-27: Building] INFO  o.e.m.c.i.embedder.EclipseLogger - skip non existing resourceDirectory D:\Cucumber_Practice\Cucumber_demo1\src\test\resources
2021-03-11 18:53:17,447 [Worker-31: Building] WARN  o.e.m.c.i.embedder.EclipseLogger - The artifact info.cukes:cucumber-java:pom:1.2.6 has been relocated to io.cucumber:cucumber-java:pom:1.2.6
2021-03-11 18:53:17,467 [Worker-31: Building] WARN  o.e.m.c.i.embedder.EclipseLogger - The artifact info.cukes:cucumber-junit:pom:1.2.6 has been relocated to io.cucumber:cucumber-junit:pom:1.2.6
2021-03-11 18:53:17,502 [Worker-31: Building] INFO  o.e.m.c.i.embedder.EclipseLogger - Using 'UTF-8' encoding to copy filtered resources.
2021-03-11 18:53:17,502 [Worker-31: Building] INFO  o.e.m.c.i.embedder.EclipseLogger - skip non existing resourceDirectory D:\Cucumber_Practice\Cucumber_demo1\src\main\resources
2021-03-11 18:53:17,504 [Worker-31: Building] INFO  o.e.m.c.i.embedder.EclipseLogger - Using 'UTF-8' encoding to copy filtered resources.
2021-03-11 18:53:17,504 [Worker-31: Building] INFO  o.e.m.c.i.embedder.EclipseLogger - skip non existing resourceDirectory D:\Cucumber_Practice\Cucumber_demo1\src\test\resources
2021-03-11 18:53:23,958 [Worker-29: Building] INFO  o.e.m.c.i.l.LifecycleMappingFactory - Using org.eclipse.m2e.jdt.JarLifecycleMapping lifecycle mapping for MavenProject: Cucumber_Prac:Cucumber_demo1:0.0.1-SNAPSHOT @ D:\Cucumber_Practice\Cucumber_demo1\pom.xml.
2021-03-11 18:53:23,997 [Worker-29: Building] WARN  o.e.m.c.i.embedder.EclipseLogger - The artifact info.cukes:cucumber-java:pom:1.2.6 has been relocated to io.cucumber:cucumber-java:pom:1.2.6
2021-03-11 18:53:24,008 [Worker-29: Building] WARN  o.e.m.c.i.embedder.EclipseLogger - The artifact info.cukes:cucumber-junit:pom:1.2.6 has been relocated to io.cucumber:cucumber-junit:pom:1.2.6
2021-03-11 18:53:24,192 [Worker-29: Building] INFO  o.e.m.c.i.embedder.EclipseLogger - Using 'UTF-8' encoding to copy filtered resources.
2021-03-11 18:53:24,192 [Worker-29: Building] INFO  o.e.m.c.i.embedder.EclipseLogger - skip non existing resourceDirectory D:\Cucumber_Practice\Cucumber_demo1\src\main\resources
2021-03-11 18:53:24,194 [Worker-29: Building] INFO  o.e.m.c.i.embedder.EclipseLogger - Using 'UTF-8' encoding to copy filtered resources.
2021-03-11 18:53:24,194 [Worker-29: Building] INFO  o.e.m.c.i.embedder.EclipseLogger - skip non existing resourceDirectory D:\Cucumber_Practice\Cucumber_demo1\src\test\resources
2021-03-11 18:54:12,615 [Worker-29: Building] INFO  o.e.m.c.i.l.LifecycleMappingFactory - Using org.eclipse.m2e.jdt.JarLifecycleMapping lifecycle mapping for MavenProject: Cucumber_Prac:Cucumber_demo1:0.0.1-SNAPSHOT @ D:\Cucumber_Practice\Cucumber_demo1\pom.xml.
2021-03-11 18:54:12,657 [Worker-29: Building] WARN  o.e.m.c.i.embedder.EclipseLogger - The artifact info.cukes:cucumber-java:pom:1.2.6 has been relocated to io.cucumber:cucumber-java:pom:1.2.6
2021-03-11 18:54:12,670 [Worker-29: Building] WARN  o.e.m.c.i.embedder.EclipseLogger - The artifact info.cukes:cucumber-junit:pom:1.2.6 has been relocated to io.cucumber:cucumber-junit:pom:1.2.6
2021-03-11 18:54:12,899 [Worker-29: Building] INFO  o.e.m.c.i.embedder.EclipseLogger - Using 'UTF-8' encoding to copy filtered resources.
2021-03-11 18:54:12,899 [Worker-29: Building] INFO  o.e.m.c.i.embedder.EclipseLogger - skip non existing resourceDirectory D:\Cucumber_Practice\Cucumber_demo1\src\main\resources
2021-03-11 18:54:12,901 [Worker-29: Building] INFO  o.e.m.c.i.embedder.EclipseLogger - Using 'UTF-8' encoding to copy filtered resources.
2021-03-11 18:54:12,901 [Worker-29: Building] INFO  o.e.m.c.i.embedder.EclipseLogger - skip non existing resourceDirectory D:\Cucumber_Practice\Cucumber_demo1\src\test\resources
2021-03-11 19:07:48,051 [Worker-36: Building] INFO  o.e.m.c.i.l.LifecycleMappingFactory - Using org.eclipse.m2e.jdt.JarLifecycleMapping lifecycle mapping for MavenProject: Cucumber_Prac:Cucumber_demo1:0.0.1-SNAPSHOT @ D:\Cucumber_Practice\Cucumber_demo1\pom.xml.
2021-03-11 19:07:48,626 [Worker-36: Building] WARN  o.e.m.c.i.embedder.EclipseLogger - The artifact info.cukes:cucumber-java:pom:1.2.6 has been relocated to io.cucumber:cucumber-java:pom:1.2.6
2021-03-11 19:07:48,636 [Worker-36: Building] WARN  o.e.m.c.i.embedder.EclipseLogger - The artifact info.cukes:cucumber-junit:pom:1.2.6 has been relocated to io.cucumber:cucumber-junit:pom:1.2.6
2021-03-11 19:07:50,668 [Worker-36: Building] INFO  o.e.m.c.i.embedder.EclipseLogger - Using 'UTF-8' encoding to copy filtered resources.
2021-03-11 19:07:50,668 [Worker-36: Building] INFO  o.e.m.c.i.embedder.EclipseLogger - skip non existing resourceDirectory D:\Cucumber_Practice\Cucumber_demo1\src\main\resources
2021-03-11 19:07:50,670 [Worker-36: Building] INFO  o.e.m.c.i.embedder.EclipseLogger - Using 'UTF-8' encoding to copy filtered resources.
2021-03-11 19:07:50,671 [Worker-36: Building] INFO  o.e.m.c.i.embedder.EclipseLogger - skip non existing resourceDirectory D:\Cucumber_Practice\Cucumber_demo1\src\test\resources
2021-03-11 19:48:20,853 [Worker-38: Updating Maven Project] INFO  o.e.m.c.i.p.ProjectConfigurationManager - Update started
2021-03-11 19:48:21,465 [Worker-38: Updating Maven Project] INFO  o.e.m.c.i.l.LifecycleMappingFactory - Using org.eclipse.m2e.jdt.JarLifecycleMapping lifecycle mapping for MavenProject: Cucumber_Prac:Cucumber_demo1:0.0.1-SNAPSHOT @ D:\Cucumber_Practice\Cucumber_demo1\pom.xml.
2021-03-11 19:48:21,526 [Worker-38: Updating Maven Project] WARN  o.e.m.c.i.embedder.EclipseLogger - The artifact info.cukes:cucumber-java:pom:1.2.6 has been relocated to io.cucumber:cucumber-java:pom:1.2.6
2021-03-11 19:48:21,646 [Worker-38: Updating Maven Project] WARN  o.e.m.c.i.embedder.EclipseLogger - The artifact info.cukes:cucumber-junit:pom:1.2.6 has been relocated to io.cucumber:cucumber-junit:pom:1.2.6
2021-03-11 19:48:21,887 [Worker-38: Updating Maven Project] INFO  o.e.m.j.i.AbstractJavaProjectConfigurator - Adding source folder /Cucumber_demo1/src/main/java
2021-03-11 19:48:21,888 [Worker-38: Updating Maven Project] INFO  o.e.m.j.i.AbstractJavaProjectConfigurator - Adding source folder /Cucumber_demo1/src/test/java
2021-03-11 19:48:22,227 [Worker-38: Updating Maven Project] INFO  o.e.m.c.i.p.ProjectConfigurationManager - Update completed: 1 sec
2021-03-11 19:48:22,560 [Worker-38: Building] WARN  o.e.m.c.i.embedder.EclipseLogger - The artifact info.cukes:cucumber-java:pom:1.2.6 has been relocated to io.cucumber:cucumber-java:pom:1.2.6
2021-03-11 19:48:22,582 [Worker-38: Building] WARN  o.e.m.c.i.embedder.EclipseLogger - The artifact info.cukes:cucumber-junit:pom:1.2.6 has been relocated to io.cucumber:cucumber-junit:pom:1.2.6
2021-03-11 19:48:22,655 [Worker-38: Building] INFO  o.e.m.c.i.embedder.EclipseLogger - Using 'UTF-8' encoding to copy filtered resources.
2021-03-11 19:48:22,655 [Worker-38: Building] INFO  o.e.m.c.i.embedder.EclipseLogger - skip non existing resourceDirectory D:\Cucumber_Practice\Cucumber_demo1\src\main\resources
2021-03-11 19:48:22,657 [Worker-38: Building] INFO  o.e.m.c.i.embedder.EclipseLogger - Using 'UTF-8' encoding to copy filtered resources.
2021-03-11 19:48:22,657 [Worker-38: Building] INFO  o.e.m.c.i.embedder.EclipseLogger - skip non existing resourceDirectory D:\Cucumber_Practice\Cucumber_demo1\src\test\resources
2021-03-11 20:01:16,740 [Worker-38: Building] INFO  o.e.m.c.i.embedder.EclipseLogger - Using 'UTF-8' encoding to copy filtered resources.
2021-03-11 20:01:16,740 [Worker-38: Building] INFO  o.e.m.c.i.embedder.EclipseLogger - skip non existing resourceDirectory D:\Cucumber_Practice\Cucumber_demo1\src\main\resources
2021-03-11 20:01:16,743 [Worker-38: Building] INFO  o.e.m.c.i.embedder.EclipseLogger - Using 'UTF-8' encoding to copy filtered resources.
2021-03-11 20:01:16,743 [Worker-38: Building] INFO  o.e.m.c.i.embedder.EclipseLogger - skip non existing resourceDirectory D:\Cucumber_Practice\Cucumber_demo1\src\test\resources
2021-03-11 20:02:51,128 [Worker-38: Building] INFO  o.e.m.c.i.embedder.EclipseLogger - Using 'UTF-8' encoding to copy filtered resources.
2021-03-11 20:02:51,129 [Worker-38: Building] INFO  o.e.m.c.i.embedder.EclipseLogger - skip non existing resourceDirectory D:\Cucumber_Practice\Cucumber_demo1\src\main\resources
2021-03-11 20:02:51,132 [Worker-38: Building] INFO  o.e.m.c.i.embedder.EclipseLogger - Using 'UTF-8' encoding to copy filtered resources.
2021-03-11 20:02:51,132 [Worker-38: Building] INFO  o.e.m.c.i.embedder.EclipseLogger - skip non existing resourceDirectory D:\Cucumber_Practice\Cucumber_demo1\src\test\resources
2021-03-11 20:13:59,566 [Worker-42: Building] INFO  o.e.m.c.i.embedder.EclipseLogger - Using 'UTF-8' encoding to copy filtered resources.
2021-03-11 20:13:59,568 [Worker-42: Building] INFO  o.e.m.c.i.embedder.EclipseLogger - skip non existing resourceDirectory D:\Cucumber_Practice\Cucumber_demo1\src\main\resources
2021-03-11 20:13:59,569 [Worker-42: Building] INFO  o.e.m.c.i.embedder.EclipseLogger - Using 'UTF-8' encoding to copy filtered resources.
2021-03-11 20:13:59,569 [Worker-42: Building] INFO  o.e.m.c.i.embedder.EclipseLogger - skip non existing resourceDirectory D:\Cucumber_Practice\Cucumber_demo1\src\test\resources
2021-03-11 20:14:33,918 [Worker-42: Building] INFO  o.e.m.c.i.embedder.EclipseLogger - Using 'UTF-8' encoding to copy filtered resources.
2021-03-11 20:14:33,918 [Worker-42: Building] INFO  o.e.m.c.i.embedder.EclipseLogger - skip non existing resourceDirectory D:\Cucumber_Practice\Cucumber_demo1\src\main\resources
2021-03-11 20:14:33,920 [Worker-42: Building] INFO  o.e.m.c.i.embedder.EclipseLogger - Using 'UTF-8' encoding to copy filtered resources.
2021-03-11 20:14:33,920 [Worker-42: Building] INFO  o.e.m.c.i.embedder.EclipseLogger - skip non existing resourceDirectory D:\Cucumber_Practice\Cucumber_demo1\src\test\resources
2021-03-11 20:14:34,963 [Worker-43: Building] INFO  o.e.m.c.i.embedder.EclipseLogger - Using 'UTF-8' encoding to copy filtered resources.
2021-03-11 20:14:34,963 [Worker-43: Building] INFO  o.e.m.c.i.embedder.EclipseLogger - skip non existing resourceDirectory D:\Cucumber_Practice\Cucumber_demo1\src\main\resources
2021-03-11 20:14:34,966 [Worker-43: Building] INFO  o.e.m.c.i.embedder.EclipseLogger - Using 'UTF-8' encoding to copy filtered resources.
2021-03-11 20:14:34,967 [Worker-43: Building] INFO  o.e.m.c.i.embedder.EclipseLogger - skip non existing resourceDirectory D:\Cucumber_Practice\Cucumber_demo1\src\test\resources
2021-03-11 20:14:55,333 [Worker-43: Building] INFO  o.e.m.c.i.embedder.EclipseLogger - Using 'UTF-8' encoding to copy filtered resources.
2021-03-11 20:14:55,334 [Worker-43: Building] INFO  o.e.m.c.i.embedder.EclipseLogger - skip non existing resourceDirectory D:\Cucumber_Practice\Cucumber_demo1\src\main\resources
2021-03-11 20:14:55,337 [Worker-43: Building] INFO  o.e.m.c.i.embedder.EclipseLogger - Using 'UTF-8' encoding to copy filtered resources.
2021-03-11 20:14:55,338 [Worker-43: Building] INFO  o.e.m.c.i.embedder.EclipseLogger - skip non existing resourceDirectory D:\Cucumber_Practice\Cucumber_demo1\src\test\resources
2021-03-11 20:18:44,553 [Worker-47: Building] INFO  o.e.m.c.i.embedder.EclipseLogger - Using 'UTF-8' encoding to copy filtered resources.
2021-03-11 20:18:44,554 [Worker-47: Building] INFO  o.e.m.c.i.embedder.EclipseLogger - skip non existing resourceDirectory D:\Cucumber_Practice\Cucumber_demo1\src\main\resources
2021-03-11 20:18:44,557 [Worker-47: Building] INFO  o.e.m.c.i.embedder.EclipseLogger - Using 'UTF-8' encoding to copy filtered resources.
2021-03-11 20:18:44,557 [Worker-47: Building] INFO  o.e.m.c.i.embedder.EclipseLogger - skip non existing resourceDirectory D:\Cucumber_Practice\Cucumber_demo1\src\test\resources
2021-03-11 20:21:46,653 [Worker-48: Building] INFO  o.e.m.c.i.embedder.EclipseLogger - Using 'UTF-8' encoding to copy filtered resources.
2021-03-11 20:21:46,653 [Worker-48: Building] INFO  o.e.m.c.i.embedder.EclipseLogger - skip non existing resourceDirectory D:\Cucumber_Practice\Cucumber_demo1\src\main\resources
2021-03-11 20:21:46,654 [Worker-48: Building] INFO  o.e.m.c.i.embedder.EclipseLogger - Using 'UTF-8' encoding to copy filtered resources.
2021-03-11 20:21:46,654 [Worker-48: Building] INFO  o.e.m.c.i.embedder.EclipseLogger - skip non existing resourceDirectory D:\Cucumber_Practice\Cucumber_demo1\src\test\resources
2021-03-11 20:23:03,379 [Worker-48: Building] INFO  o.e.m.c.i.l.LifecycleMappingFactory - Using org.eclipse.m2e.jdt.JarLifecycleMapping lifecycle mapping for MavenProject: Cucumber_Prac:Cucumber_demo1:0.0.1-SNAPSHOT @ D:\Cucumber_Practice\Cucumber_demo1\pom.xml.
2021-03-11 20:23:03,443 [Worker-48: Building] WARN  o.e.m.c.i.embedder.EclipseLogger - The artifact info.cukes:cucumber-java:test:1.2.6 has been relocated to io.cucumber:cucumber-java:test:1.2.6
2021-03-11 20:23:03,459 [Worker-48: Building] WARN  o.e.m.c.i.embedder.EclipseLogger - The artifact info.cukes:cucumber-junit:pom:1.2.6 has been relocated to io.cucumber:cucumber-junit:pom:1.2.6
2021-03-11 20:23:05,272 [Worker-48: Building] INFO  o.e.m.c.i.e.AbstractTransferListenerAdapter - Downloaded https://repo.maven.apache.org/maven2/io/cucumber/cucumber-java/1.2.6/cucumber-java-1.2.6.test
2021-03-11 20:23:05,501 [Worker-48: Building] INFO  o.e.m.c.i.embedder.EclipseLogger - Using 'UTF-8' encoding to copy filtered resources.
2021-03-11 20:23:05,501 [Worker-48: Building] INFO  o.e.m.c.i.embedder.EclipseLogger - skip non existing resourceDirectory D:\Cucumber_Practice\Cucumber_demo1\src\main\resources
2021-03-11 20:23:05,503 [Worker-48: Building] INFO  o.e.m.c.i.embedder.EclipseLogger - Using 'UTF-8' encoding to copy filtered resources.
2021-03-11 20:23:05,504 [Worker-48: Building] INFO  o.e.m.c.i.embedder.EclipseLogger - skip non existing resourceDirectory D:\Cucumber_Practice\Cucumber_demo1\src\test\resources
2021-03-11 20:26:53,537 [Worker-46: Building] INFO  o.e.m.c.i.l.LifecycleMappingFactory - Using org.eclipse.m2e.jdt.JarLifecycleMapping lifecycle mapping for MavenProject: Cucumber_Prac:Cucumber_demo1:0.0.1-SNAPSHOT @ D:\Cucumber_Practice\Cucumber_demo1\pom.xml.
2021-03-11 20:26:55,238 [Worker-46: Building] INFO  o.e.m.c.i.e.AbstractTransferListenerAdapter - Downloading https://repo.maven.apache.org/maven2/info/cukes/cucumber-java/1.2.5/cucumber-java-1.2.5.pom
2021-03-11 20:26:55,819 [Worker-46: Building] INFO  o.e.m.c.i.e.AbstractTransferListenerAdapter - Downloaded https://repo.maven.apache.org/maven2/info/cukes/cucumber-java/1.2.5/cucumber-java-1.2.5.pom
2021-03-11 20:26:56,103 [Worker-46: Building] INFO  o.e.m.c.i.e.AbstractTransferListenerAdapter - Downloading https://repo.maven.apache.org/maven2/info/cukes/cucumber-jvm/1.2.5/cucumber-jvm-1.2.5.pom
2021-03-11 20:26:56,514 [Worker-46: Building] INFO  o.e.m.c.i.e.AbstractTransferListenerAdapter - Downloaded https://repo.maven.apache.org/maven2/info/cukes/cucumber-jvm/1.2.5/cucumber-jvm-1.2.5.pom
2021-03-11 20:26:56,800 [Worker-46: Building] INFO  o.e.m.c.i.e.AbstractTransferListenerAdapter - Downloading https://repo.maven.apache.org/maven2/info/cukes/cucumber-core/1.2.5/cucumber-core-1.2.5.pom
2021-03-11 20:26:57,130 [Worker-46: Building] INFO  o.e.m.c.i.e.AbstractTransferListenerAdapter - Downloaded https://repo.maven.apache.org/maven2/info/cukes/cucumber-core/1.2.5/cucumber-core-1.2.5.pom
2021-03-11 20:26:57,208 [Worker-46: Building] WARN  o.e.m.c.i.embedder.EclipseLogger - The artifact info.cukes:cucumber-junit:pom:1.2.6 has been relocated to io.cucumber:cucumber-junit:pom:1.2.6
2021-03-11 20:26:57,486 [AetherRepositoryConnector-repo.maven.apache.org-1-1] INFO  o.e.m.c.i.e.AbstractTransferListenerAdapter - Downloading https://repo.maven.apache.org/maven2/info/cukes/cucumber-core/1.2.5/cucumber-core-1.2.5.jar
2021-03-11 20:26:58,243 [AetherRepositoryConnector-repo.maven.apache.org-1-0] INFO  o.e.m.c.i.e.AbstractTransferListenerAdapter - Downloading https://repo.maven.apache.org/maven2/info/cukes/cucumber-java/1.2.5/cucumber-java-1.2.5.jar
2021-03-11 20:26:58,543 [AetherRepositoryConnector-repo.maven.apache.org-1-1] INFO  o.e.m.c.i.e.AbstractTransferListenerAdapter - Downloaded https://repo.maven.apache.org/maven2/info/cukes/cucumber-core/1.2.5/cucumber-core-1.2.5.jar
2021-03-11 20:26:58,795 [AetherRepositoryConnector-repo.maven.apache.org-1-0] INFO  o.e.m.c.i.e.AbstractTransferListenerAdapter - Downloaded https://repo.maven.apache.org/maven2/info/cukes/cucumber-java/1.2.5/cucumber-java-1.2.5.jar
2021-03-11 20:26:59,118 [Worker-46: Building] INFO  o.e.m.c.i.embedder.EclipseLogger - Using 'UTF-8' encoding to copy filtered resources.
2021-03-11 20:26:59,119 [Worker-46: Building] INFO  o.e.m.c.i.embedder.EclipseLogger - skip non existing resourceDirectory D:\Cucumber_Practice\Cucumber_demo1\src\main\resources
2021-03-11 20:26:59,121 [Worker-46: Building] INFO  o.e.m.c.i.embedder.EclipseLogger - Using 'UTF-8' encoding to copy filtered resources.
2021-03-11 20:26:59,121 [Worker-46: Building] INFO  o.e.m.c.i.embedder.EclipseLogger - skip non existing resourceDirectory D:\Cucumber_Practice\Cucumber_demo1\src\test\resources
2021-03-11 20:26:59,967 [Worker-51: Download sources and javadoc] WARN  o.e.m.c.i.embedder.EclipseLogger - The artifact info.cukes:cucumber-junit:pom:1.2.6 has been relocated to io.cucumber:cucumber-junit:pom:1.2.6
2021-03-11 20:27:00,525 [Worker-54: Building] INFO  o.e.m.c.i.embedder.EclipseLogger - Using 'UTF-8' encoding to copy filtered resources.
2021-03-11 20:27:00,525 [Worker-54: Building] INFO  o.e.m.c.i.embedder.EclipseLogger - skip non existing resourceDirectory D:\Cucumber_Practice\Cucumber_demo1\src\main\resources
2021-03-11 20:27:00,527 [Worker-54: Building] INFO  o.e.m.c.i.embedder.EclipseLogger - Using 'UTF-8' encoding to copy filtered resources.
2021-03-11 20:27:00,527 [Worker-54: Building] INFO  o.e.m.c.i.embedder.EclipseLogger - skip non existing resourceDirectory D:\Cucumber_Practice\Cucumber_demo1\src\test\resources
2021-03-11 20:27:01,231 [Worker-51: Download sources and javadoc] INFO  o.e.m.c.i.e.AbstractTransferListenerAdapter - Downloading https://repo.maven.apache.org/maven2/info/cukes/cucumber-java/1.2.5/cucumber-java-1.2.5-sources.jar
2021-03-11 20:27:02,119 [Worker-51: Download sources and javadoc] INFO  o.e.m.c.i.e.AbstractTransferListenerAdapter - Downloaded https://repo.maven.apache.org/maven2/info/cukes/cucumber-java/1.2.5/cucumber-java-1.2.5-sources.jar
2021-03-11 20:27:02,153 [Worker-51: Download sources and javadoc] INFO  o.e.m.j.internal.DownloadSourcesJob - Downloaded sources for info.cukes:cucumber-java:1.2.5
2021-03-11 20:27:03,151 [Worker-51: Download sources and javadoc] INFO  o.e.m.c.i.e.AbstractTransferListenerAdapter - Downloading https://repo.maven.apache.org/maven2/info/cukes/cucumber-core/1.2.5/cucumber-core-1.2.5-sources.jar
2021-03-11 20:27:03,906 [Worker-51: Download sources and javadoc] INFO  o.e.m.c.i.e.AbstractTransferListenerAdapter - Downloaded https://repo.maven.apache.org/maven2/info/cukes/cucumber-core/1.2.5/cucumber-core-1.2.5-sources.jar
2021-03-11 20:27:03,934 [Worker-51: Download sources and javadoc] INFO  o.e.m.j.internal.DownloadSourcesJob - Downloaded sources for info.cukes:cucumber-core:1.2.5
2021-03-11 20:27:04,137 [Worker-51: Building] INFO  o.e.m.c.i.embedder.EclipseLogger - Using 'UTF-8' encoding to copy filtered resources.
2021-03-11 20:27:04,137 [Worker-51: Building] INFO  o.e.m.c.i.embedder.EclipseLogger - skip non existing resourceDirectory D:\Cucumber_Practice\Cucumber_demo1\src\main\resources
2021-03-11 20:27:04,138 [Worker-51: Building] INFO  o.e.m.c.i.embedder.EclipseLogger - Using 'UTF-8' encoding to copy filtered resources.
2021-03-11 20:27:04,138 [Worker-51: Building] INFO  o.e.m.c.i.embedder.EclipseLogger - skip non existing resourceDirectory D:\Cucumber_Practice\Cucumber_demo1\src\test\resources
2021-03-11 20:28:04,221 [Worker-46: Building] INFO  o.e.m.c.i.l.LifecycleMappingFactory - Using org.eclipse.m2e.jdt.JarLifecycleMapping lifecycle mapping for MavenProject: Cucumber_Prac:Cucumber_demo1:0.0.1-SNAPSHOT @ D:\Cucumber_Practice\Cucumber_demo1\pom.xml.
2021-03-11 20:28:05,262 [Worker-46: Building] INFO  o.e.m.c.i.e.AbstractTransferListenerAdapter - Downloading https://repo.maven.apache.org/maven2/info/cukes/cucumber-junit/1.2.5/cucumber-junit-1.2.5.pom
2021-03-11 20:28:05,821 [Worker-46: Building] INFO  o.e.m.c.i.e.AbstractTransferListenerAdapter - Downloaded https://repo.maven.apache.org/maven2/info/cukes/cucumber-junit/1.2.5/cucumber-junit-1.2.5.pom
2021-03-11 20:28:06,147 [Worker-46: Building] INFO  o.e.m.c.i.e.AbstractTransferListenerAdapter - Downloading https://repo.maven.apache.org/maven2/info/cukes/cucumber-junit/1.2.5/cucumber-junit-1.2.5.jar
2021-03-11 20:28:06,787 [Worker-46: Building] INFO  o.e.m.c.i.e.AbstractTransferListenerAdapter - Downloaded https://repo.maven.apache.org/maven2/info/cukes/cucumber-junit/1.2.5/cucumber-junit-1.2.5.jar
2021-03-11 20:28:07,254 [Worker-46: Building] INFO  o.e.m.c.i.embedder.EclipseLogger - Using 'UTF-8' encoding to copy filtered resources.
2021-03-11 20:28:07,254 [Worker-46: Building] INFO  o.e.m.c.i.embedder.EclipseLogger - skip non existing resourceDirectory D:\Cucumber_Practice\Cucumber_demo1\src\main\resources
2021-03-11 20:28:07,256 [Worker-46: Building] INFO  o.e.m.c.i.embedder.EclipseLogger - Using 'UTF-8' encoding to copy filtered resources.
2021-03-11 20:28:07,256 [Worker-46: Building] INFO  o.e.m.c.i.embedder.EclipseLogger - skip non existing resourceDirectory D:\Cucumber_Practice\Cucumber_demo1\src\test\resources
2021-03-11 20:28:08,523 [Worker-54: Building] INFO  o.e.m.c.i.embedder.EclipseLogger - Using 'UTF-8' encoding to copy filtered resources.
2021-03-11 20:28:08,523 [Worker-54: Building] INFO  o.e.m.c.i.embedder.EclipseLogger - skip non existing resourceDirectory D:\Cucumber_Practice\Cucumber_demo1\src\main\resources
2021-03-11 20:28:08,524 [Worker-54: Building] INFO  o.e.m.c.i.embedder.EclipseLogger - Using 'UTF-8' encoding to copy filtered resources.
2021-03-11 20:28:08,525 [Worker-54: Building] INFO  o.e.m.c.i.embedder.EclipseLogger - skip non existing resourceDirectory D:\Cucumber_Practice\Cucumber_demo1\src\test\resources
2021-03-11 20:28:09,499 [Worker-51: Download sources and javadoc] INFO  o.e.m.c.i.e.AbstractTransferListenerAdapter - Downloading https://repo.maven.apache.org/maven2/info/cukes/cucumber-junit/1.2.5/cucumber-junit-1.2.5-sources.jar
2021-03-11 20:28:11,230 [Worker-51: Download sources and javadoc] INFO  o.e.m.c.i.e.AbstractTransferListenerAdapter - Downloaded https://repo.maven.apache.org/maven2/info/cukes/cucumber-junit/1.2.5/cucumber-junit-1.2.5-sources.jar
2021-03-11 20:28:11,264 [Worker-51: Download sources and javadoc] INFO  o.e.m.j.internal.DownloadSourcesJob - Downloaded sources for info.cukes:cucumber-junit:1.2.5
2021-03-11 20:28:11,456 [Worker-52: Building] INFO  o.e.m.c.i.embedder.EclipseLogger - Using 'UTF-8' encoding to copy filtered resources.
2021-03-11 20:28:11,457 [Worker-52: Building] INFO  o.e.m.c.i.embedder.EclipseLogger - skip non existing resourceDirectory D:\Cucumber_Practice\Cucumber_demo1\src\main\resources
2021-03-11 20:28:11,458 [Worker-52: Building] INFO  o.e.m.c.i.embedder.EclipseLogger - Using 'UTF-8' encoding to copy filtered resources.
2021-03-11 20:28:11,458 [Worker-52: Building] INFO  o.e.m.c.i.embedder.EclipseLogger - skip non existing resourceDirectory D:\Cucumber_Practice\Cucumber_demo1\src\test\resources
2021-03-11 20:28:41,094 [Worker-46: Building] INFO  o.e.m.c.i.embedder.EclipseLogger - Using 'UTF-8' encoding to copy filtered resources.
2021-03-11 20:28:41,094 [Worker-46: Building] INFO  o.e.m.c.i.embedder.EclipseLogger - skip non existing resourceDirectory D:\Cucumber_Practice\Cucumber_demo1\src\main\resources
2021-03-11 20:28:41,096 [Worker-46: Building] INFO  o.e.m.c.i.embedder.EclipseLogger - Using 'UTF-8' encoding to copy filtered resources.
2021-03-11 20:28:41,096 [Worker-46: Building] INFO  o.e.m.c.i.embedder.EclipseLogger - skip non existing resourceDirectory D:\Cucumber_Practice\Cucumber_demo1\src\test\resources
2021-03-11 22:15:46,986 [Worker-52: Building] INFO  o.e.m.c.i.embedder.EclipseLogger - Using 'UTF-8' encoding to copy filtered resources.
2021-03-11 22:15:46,990 [Worker-52: Building] INFO  o.e.m.c.i.embedder.EclipseLogger - skip non existing resourceDirectory D:\Cucumber_Practice\Cucumber_demo1\src\main\resources
2021-03-11 22:15:46,993 [Worker-52: Building] INFO  o.e.m.c.i.embedder.EclipseLogger - Using 'UTF-8' encoding to copy filtered resources.
2021-03-11 22:15:46,994 [Worker-52: Building] INFO  o.e.m.c.i.embedder.EclipseLogger - skip non existing resourceDirectory D:\Cucumber_Practice\Cucumber_demo1\src\test\resources
2021-03-11 22:16:24,862 [Worker-57: Building] INFO  o.e.m.c.i.embedder.EclipseLogger - Using 'UTF-8' encoding to copy filtered resources.
2021-03-11 22:16:24,862 [Worker-57: Building] INFO  o.e.m.c.i.embedder.EclipseLogger - skip non existing resourceDirectory D:\Cucumber_Practice\Cucumber_demo1\src\main\resources
2021-03-11 22:16:24,865 [Worker-57: Building] INFO  o.e.m.c.i.embedder.EclipseLogger - Using 'UTF-8' encoding to copy filtered resources.
2021-03-11 22:16:24,865 [Worker-57: Building] INFO  o.e.m.c.i.embedder.EclipseLogger - skip non existing resourceDirectory D:\Cucumber_Practice\Cucumber_demo1\src\test\resources
2021-03-11 22:33:48,222 [Worker-58: Building] INFO  o.e.m.c.i.embedder.EclipseLogger - Using 'UTF-8' encoding to copy filtered resources.
2021-03-11 22:33:48,222 [Worker-58: Building] INFO  o.e.m.c.i.embedder.EclipseLogger - skip non existing resourceDirectory D:\Cucumber_Practice\Cucumber_demo1\src\main\resources
2021-03-11 22:33:48,225 [Worker-58: Building] INFO  o.e.m.c.i.embedder.EclipseLogger - Using 'UTF-8' encoding to copy filtered resources.
2021-03-11 22:33:48,225 [Worker-58: Building] INFO  o.e.m.c.i.embedder.EclipseLogger - skip non existing resourceDirectory D:\Cucumber_Practice\Cucumber_demo1\src\test\resources
2021-03-11 22:34:15,411 [Worker-61: Building] INFO  o.e.m.c.i.embedder.EclipseLogger - Using 'UTF-8' encoding to copy filtered resources.
2021-03-11 22:34:15,411 [Worker-61: Building] INFO  o.e.m.c.i.embedder.EclipseLogger - skip non existing resourceDirectory D:\Cucumber_Practice\Cucumber_demo1\src\main\resources
2021-03-11 22:34:15,414 [Worker-61: Building] INFO  o.e.m.c.i.embedder.EclipseLogger - Using 'UTF-8' encoding to copy filtered resources.
2021-03-11 22:34:15,414 [Worker-61: Building] INFO  o.e.m.c.i.embedder.EclipseLogger - skip non existing resourceDirectory D:\Cucumber_Practice\Cucumber_demo1\src\test\resources
2021-03-11 22:38:08,400 [Worker-65: Building] INFO  o.e.m.c.i.embedder.EclipseLogger - Using 'UTF-8' encoding to copy filtered resources.
2021-03-11 22:38:08,400 [Worker-65: Building] INFO  o.e.m.c.i.embedder.EclipseLogger - skip non existing resourceDirectory D:\Cucumber_Practice\Cucumber_demo1\src\main\resources
2021-03-11 22:38:08,401 [Worker-65: Building] INFO  o.e.m.c.i.embedder.EclipseLogger - Using 'UTF-8' encoding to copy filtered resources.
2021-03-11 22:38:08,402 [Worker-65: Building] INFO  o.e.m.c.i.embedder.EclipseLogger - skip non existing resourceDirectory D:\Cucumber_Practice\Cucumber_demo1\src\test\resources
2021-03-11 22:44:30,718 [Worker-66: Building] INFO  o.e.m.c.i.embedder.EclipseLogger - Using 'UTF-8' encoding to copy filtered resources.
2021-03-11 22:44:30,718 [Worker-66: Building] INFO  o.e.m.c.i.embedder.EclipseLogger - skip non existing resourceDirectory D:\Cucumber_Practice\Cucumber_demo1\src\main\resources
2021-03-11 22:44:30,719 [Worker-66: Building] INFO  o.e.m.c.i.embedder.EclipseLogger - Using 'UTF-8' encoding to copy filtered resources.
2021-03-11 22:44:30,719 [Worker-66: Building] INFO  o.e.m.c.i.embedder.EclipseLogger - skip non existing resourceDirectory D:\Cucumber_Practice\Cucumber_demo1\src\test\resources
2021-03-11 22:46:07,046 [Worker-67: Building] INFO  o.e.m.c.i.embedder.EclipseLogger - Using 'UTF-8' encoding to copy filtered resources.
2021-03-11 22:46:07,048 [Worker-67: Building] INFO  o.e.m.c.i.embedder.EclipseLogger - skip non existing resourceDirectory D:\Cucumber_Practice\Cucumber_demo1\src\main\resources
2021-03-11 22:46:07,048 [Worker-67: Building] INFO  o.e.m.c.i.embedder.EclipseLogger - Using 'UTF-8' encoding to copy filtered resources.
2021-03-11 22:46:07,048 [Worker-67: Building] INFO  o.e.m.c.i.embedder.EclipseLogger - skip non existing resourceDirectory D:\Cucumber_Practice\Cucumber_demo1\src\test\resources
2021-03-11 22:48:07,133 [Worker-63: Building] INFO  o.e.m.c.i.embedder.EclipseLogger - Using 'UTF-8' encoding to copy filtered resources.
2021-03-11 22:48:07,134 [Worker-63: Building] INFO  o.e.m.c.i.embedder.EclipseLogger - skip non existing resourceDirectory D:\Cucumber_Practice\Cucumber_demo1\src\main\resources
2021-03-11 22:48:07,135 [Worker-63: Building] INFO  o.e.m.c.i.embedder.EclipseLogger - Using 'UTF-8' encoding to copy filtered resources.
2021-03-11 22:48:07,135 [Worker-63: Building] INFO  o.e.m.c.i.embedder.EclipseLogger - skip non existing resourceDirectory D:\Cucumber_Practice\Cucumber_demo1\src\test\resources
2021-03-11 22:48:19,365 [Worker-67: Building] INFO  o.e.m.c.i.embedder.EclipseLogger - Using 'UTF-8' encoding to copy filtered resources.
2021-03-11 22:48:19,365 [Worker-67: Building] INFO  o.e.m.c.i.embedder.EclipseLogger - skip non existing resourceDirectory D:\Cucumber_Practice\Cucumber_demo1\src\main\resources
2021-03-11 22:48:19,367 [Worker-67: Building] INFO  o.e.m.c.i.embedder.EclipseLogger - Using 'UTF-8' encoding to copy filtered resources.
2021-03-11 22:48:19,367 [Worker-67: Building] INFO  o.e.m.c.i.embedder.EclipseLogger - skip non existing resourceDirectory D:\Cucumber_Practice\Cucumber_demo1\src\test\resources
2021-03-12 11:21:14,973 [Worker-63: Building] INFO  o.e.m.c.i.embedder.EclipseLogger - Using 'UTF-8' encoding to copy filtered resources.
2021-03-12 11:21:14,974 [Worker-63: Building] INFO  o.e.m.c.i.embedder.EclipseLogger - skip non existing resourceDirectory D:\Cucumber_Practice\Cucumber_demo1\src\main\resources
2021-03-12 11:21:14,975 [Worker-63: Building] INFO  o.e.m.c.i.embedder.EclipseLogger - Using 'UTF-8' encoding to copy filtered resources.
2021-03-12 11:21:14,975 [Worker-63: Building] INFO  o.e.m.c.i.embedder.EclipseLogger - skip non existing resourceDirectory D:\Cucumber_Practice\Cucumber_demo1\src\test\resources
2021-03-12 11:22:44,179 [Worker-75: Building] INFO  o.e.m.c.i.embedder.EclipseLogger - Using 'UTF-8' encoding to copy filtered resources.
2021-03-12 11:22:44,179 [Worker-75: Building] INFO  o.e.m.c.i.embedder.EclipseLogger - skip non existing resourceDirectory D:\Cucumber_Practice\Cucumber_demo1\src\main\resources
2021-03-12 11:22:44,180 [Worker-75: Building] INFO  o.e.m.c.i.embedder.EclipseLogger - Using 'UTF-8' encoding to copy filtered resources.
2021-03-12 11:22:44,180 [Worker-75: Building] INFO  o.e.m.c.i.embedder.EclipseLogger - skip non existing resourceDirectory D:\Cucumber_Practice\Cucumber_demo1\src\test\resources
2021-03-12 12:08:08,199 [Worker-74: Building] INFO  o.e.m.c.i.embedder.EclipseLogger - Using 'UTF-8' encoding to copy filtered resources.
2021-03-12 12:08:08,219 [Worker-74: Building] INFO  o.e.m.c.i.embedder.EclipseLogger - skip non existing resourceDirectory D:\Cucumber_Practice\Cucumber_demo1\src\main\resources
2021-03-12 12:08:08,225 [Worker-74: Building] INFO  o.e.m.c.i.embedder.EclipseLogger - Using 'UTF-8' encoding to copy filtered resources.
2021-03-12 12:08:08,225 [Worker-74: Building] INFO  o.e.m.c.i.embedder.EclipseLogger - skip non existing resourceDirectory D:\Cucumber_Practice\Cucumber_demo1\src\test\resources
2021-03-12 12:10:37,070 [Worker-74: Building] INFO  o.e.m.c.i.embedder.EclipseLogger - Using 'UTF-8' encoding to copy filtered resources.
2021-03-12 12:10:37,071 [Worker-74: Building] INFO  o.e.m.c.i.embedder.EclipseLogger - skip non existing resourceDirectory D:\Cucumber_Practice\Cucumber_demo1\src\main\resources
2021-03-12 12:10:37,142 [Worker-74: Building] INFO  o.e.m.c.i.embedder.EclipseLogger - Using 'UTF-8' encoding to copy filtered resources.
2021-03-12 12:10:37,144 [Worker-74: Building] INFO  o.e.m.c.i.embedder.EclipseLogger - skip non existing resourceDirectory D:\Cucumber_Practice\Cucumber_demo1\src\test\resources
2021-03-12 12:10:50,834 [Worker-77: Building] INFO  o.e.m.c.i.embedder.EclipseLogger - Using 'UTF-8' encoding to copy filtered resources.
2021-03-12 12:10:50,835 [Worker-77: Building] INFO  o.e.m.c.i.embedder.EclipseLogger - skip non existing resourceDirectory D:\Cucumber_Practice\Cucumber_demo1\src\main\resources
2021-03-12 12:10:50,837 [Worker-77: Building] INFO  o.e.m.c.i.embedder.EclipseLogger - Using 'UTF-8' encoding to copy filtered resources.
2021-03-12 12:10:50,837 [Worker-77: Building] INFO  o.e.m.c.i.embedder.EclipseLogger - skip non existing resourceDirectory D:\Cucumber_Practice\Cucumber_demo1\src\test\resources
